"../../../Engine/Content/Functions/Engine_MaterialFunctions02/Utility/BlendAngleCorrectedNormals.uasset" 0
"../../../Engine/Content/Functions/MaterialLayerFunctions/MatLayerBlend_BakedNormal.uasset" 1
"../../../Engine/Content/Functions/MaterialLayerFunctions/MatLayerBlend_Standard.uasset" 2
"../../../Engine/Content/Functions/MaterialLayerFunctions/MatLayerBlend_TenLayerBlend.uasset" 3
"../../../../../Create/Projects/Unreal/MMO/Content/SkeletalMeshes/Char/ParagonGideon/Characters/Global/MaterialFunctions/MF_BrightnessAdjust.uasset" 4
"../../../Engine/Content/Functions/Engine_MaterialFunctions01/Gradient/LinearGradient.uasset" 5
"../../../Engine/Content/Functions/Engine_MaterialFunctions01/ImageAdjustment/CheapContrast.uasset" 6
"../../../Engine/Content/EngineMaterials/DefaultDiffuse.uasset" 7
"../../../Engine/Content/Functions/Engine_MaterialFunctions01/Texturing/WorldAlignedTexture.uasset" 8
"../../../Engine/Content/Functions/Engine_MaterialFunctions02/Texturing/ScreenAlignedPixelToPixelUVs.uasset" 9
"../../../Engine/Content/EngineMaterials/Good64x64TilingNoiseHighFreq.uasset" 10
"../../../Engine/Content/Functions/Engine_MaterialFunctions02/Utility/DitherTemporalAA.uasset" 11
"../../../../../Create/Projects/Unreal/MMO/Content/SkeletalMeshes/Char/ParagonGideon/Characters/Global/MaterialFunctions/Textures/Noise/T_AtmosphericCloudNoise01.uasset" 12
"../../../../../Create/Projects/Unreal/MMO/Content/SkeletalMeshes/Char/ParagonGideon/Characters/Global/MaterialFunctions/Textures/Noise/T_AtmosphericCloudNoise01_N.uasset" 13
"../../../../../Create/Projects/Unreal/MMO/Content/SkeletalMeshes/Char/ParagonGideon/Characters/Global/MaterialFunctions/Textures/Noise/T_AtmosphericCloudNoise03.uasset" 14
"../../../../../Create/Projects/Unreal/MMO/Content/SkeletalMeshes/Char/ParagonGideon/Characters/Global/MaterialFunctions/MF_DeathFade.uasset" 15
"../../../Engine/Content/Functions/MaterialLayerFunctions/MatLayerBlend_Emissive.uasset" 16
"../../../Engine/Content/Functions/MaterialLayerFunctions/MatLayerBlend_Tint.uasset" 17
"../../../Engine/Content/Functions/Engine_MaterialFunctions03/Blends/Lerp_ScratchGrime.uasset" 18
"../../../Engine/Content/EngineMaterials/DefaultNormal.uasset" 19
"../../../../../Create/Projects/Unreal/MMO/Content/SkeletalMeshes/Char/ParagonGideon/Characters/Global/MaterialLayers/T_TestML_Mask.uasset" 20
"../../../../../Create/Projects/Unreal/MMO/Content/SkeletalMeshes/Char/ParagonGideon/Characters/Global/MaterialLayers/ML__Blank.uasset" 21
"../../../../../Create/Projects/Unreal/MMO/Content/SkeletalMeshes/Char/ParagonGideon/Characters/Global/MaterialFunctions/ParameterCollections/OrionGlobalGameplayCollection.uasset" 22
"../../../../../Create/Projects/Unreal/MMO/Content/SkeletalMeshes/Char/ParagonGideon/Characters/Global/MaterialFunctions/MF_HitFlash.uasset" 23
"../../../Engine/Content/Functions/Engine_MaterialFunctions02/Utility/BreakOutFloat3Components.uasset" 24
"../../../Engine/Content/Functions/MaterialLayerFunctions/MatLayerBlend_BreakBaseColor.uasset" 25
"../../../Engine/Content/Functions/Engine_MaterialFunctions01/Shading/MetallicShading.uasset" 26
"../../../Engine/Content/Functions/MaterialLayerFunctions/MatLayerBlend_OverrideBaseColor.uasset" 27
"../../../../../Create/Projects/Unreal/MMO/Content/SkeletalMeshes/Char/ParagonGideon/Characters/Global/MaterialFunctions/MaterialLayerConstructors/MLC_ScratchAndGrime.uasset" 28
"../../../../../Create/Projects/Unreal/MMO/Content/SkeletalMeshes/Char/ParagonGideon/Characters/Global/MaterialFunctions/MaterialLayerConstructors/MLC_Standard.uasset" 29
"../../../../../Create/Projects/Unreal/MMO/Content/SkeletalMeshes/Char/ParagonGideon/Characters/Global/MaterialLayers/Metal/T_Blue_Metal02.uasset" 30
"../../../../../Create/Projects/Unreal/MMO/Content/SkeletalMeshes/Char/ParagonGideon/Characters/Global/MaterialLayers/Rubber/T_Blank_N.uasset" 31
"../../../../../Create/Projects/Unreal/MMO/Content/SkeletalMeshes/Char/ParagonGideon/Characters/Global/MaterialLayers/Metal/ML_blue_Metal.uasset" 32
"../../../../../Create/Projects/Unreal/MMO/Content/SkeletalMeshes/Char/ParagonGideon/Characters/Global/MaterialFunctions/MF_OrionRimlight.uasset" 33
"../../../../../Create/Projects/Unreal/MMO/Content/SkeletalMeshes/Char/ParagonGideon/Characters/Global/MaterialFunctions/MF_CharacterEffects.uasset" 34
"../../../../../Create/Projects/Unreal/MMO/Content/SkeletalMeshes/Char/ParagonGideon/Characters/Global/MaterialLayers/Metal/T_Blank_N.uasset" 35
"../../../../../Create/Projects/Unreal/MMO/Content/SkeletalMeshes/Char/ParagonGideon/Characters/Global/MaterialLayers/Metal/T_ML_Gold_Metal01.uasset" 36
"../../../../../Create/Projects/Unreal/MMO/Content/SkeletalMeshes/Char/ParagonGideon/Characters/Global/MaterialLayers/Metal/ML_Gold_Metal02.uasset" 37
"../../../../../Create/Projects/Unreal/MMO/Content/SkeletalMeshes/Char/ParagonGideon/Characters/Global/MaterialLayers/Metal/T_RoughMetal01_N.uasset" 38
"../../../../../Create/Projects/Unreal/MMO/Content/SkeletalMeshes/Char/ParagonGideon/Characters/Global/MaterialLayers/Metal/T_RoughMetal01.uasset" 39
"../../../../../Create/Projects/Unreal/MMO/Content/SkeletalMeshes/Char/ParagonGideon/Characters/Global/MaterialLayers/Metal/ML_Steel.uasset" 40
"../../../../../Create/Projects/Unreal/MMO/Content/SkeletalMeshes/Char/ParagonGideon/Characters/Global/MaterialFunctions/MaterialLayerConstructors/MF_BaseColorTintAndContrast.uasset" 41
"../../../../../Create/Projects/Unreal/MMO/Content/SkeletalMeshes/Char/ParagonGideon/Characters/Global/MaterialFunctions/MaterialLayerConstructors/MF_RoughnessAdjustment.uasset" 42
"../../../../../Create/Projects/Unreal/MMO/Content/SkeletalMeshes/Char/ParagonGideon/Characters/Global/MaterialLayers/Painted/T_Cream_Painted_Metal_N.uasset" 43
"../../../../../Create/Projects/Unreal/MMO/Content/SkeletalMeshes/Char/ParagonGideon/Characters/Global/MaterialLayers/Painted/T_Cream_Paint_D.uasset" 44
"../../../../../Create/Projects/Unreal/MMO/Content/SkeletalMeshes/Char/ParagonGideon/Characters/Global/MaterialLayers/Painted/T_ML_PaintedConstructionMetal_N.uasset" 45
"../../../../../Create/Projects/Unreal/MMO/Content/SkeletalMeshes/Char/ParagonGideon/Characters/Global/MaterialLayers/Painted/ML_Painted_Blue.uasset" 46
"../../../../../Create/Projects/Unreal/MMO/Content/SkeletalMeshes/Char/ParagonGideon/Characters/Heroes/Gideon/Textures/T_Gideon_OuterRing_Mask.uasset" 47
"../../../../../Create/Projects/Unreal/MMO/Content/SkeletalMeshes/Char/ParagonGideon/Characters/Heroes/Gideon/Textures/T_Inky_Smoke_Tile.uasset" 48
"../../../../../Create/Projects/Unreal/MMO/Content/SkeletalMeshes/Char/ParagonGideon/Characters/Heroes/Gideon/Materials/MF_Gideon_RingDissolve.uasset" 49
"../../../../../Create/Projects/Unreal/MMO/Content/SkeletalMeshes/Char/ParagonGideon/Characters/Heroes/Gideon/Materials/ML_LightGold.uasset" 50
"../../../../../Create/Projects/Unreal/MMO/Content/SkeletalMeshes/Char/ParagonGideon/Characters/Heroes/Gideon/Textures/T_Gideon_OuterRing_Normals.uasset" 51
"../../../../../Create/Projects/Unreal/MMO/Content/SkeletalMeshes/Char/ParagonGideon/Characters/Heroes/Gideon/Textures/T_Gideon_OuterRing_RGB.uasset" 52
"../../../../../Create/Projects/Unreal/MMO/Content/SkeletalMeshes/Char/ParagonGideon/Characters/Heroes/Gideon/Materials/M_Gideon_OuterRing_Particle.uasset" 53
"../../../../../Create/Projects/Unreal/MMO/Content/SkeletalMeshes/Char/ParagonGideon/Characters/Heroes/Gideon/Meshes/SM_Gideon_Ring_Outer.uasset" 54
"../../../../../Create/Projects/Unreal/MMO/Content/Textures/RPG2.uasset" 55
"../../../Engine/Content/Animation/DefaultAnimCurveCompressionSettings.uasset" 56
"../../../Engine/Content/Functions/Engine_MaterialFunctions01/Opacity/CameraDepthFade.uasset" 57
"../../../Engine/Content/EngineMaterials/T_Default_Material_Grid_M.uasset" 58
"../../../Engine/Content/EngineMaterials/T_Default_Material_Grid_N.uasset" 59
"../../../Engine/Content/EngineMaterials/WorldGridMaterial.uasset" 60
"../../../Engine/Content/ArtTools/RenderToTexture/Meshes/S_1_Unit_Plane.uasset" 61
"../../../Engine/Content/EngineMaterials/DefaultMaterial.uasset" 62
"../../../Engine/Content/BasicShapes/Cone.uasset" 63
"../../../Engine/Content/BasicShapes/Cube.uasset" 64
"../../../Engine/Content/BasicShapes/Cylinder.uasset" 65
"../../../Engine/Content/BasicShapes/Sphere.uasset" 66
"../../../Engine/Content/EditorLandscapeResources/DataLayer.uasset" 67
"../../../Engine/Content/EditorMaterials/MAT_Groups_Toggle.uasset" 68
"../../../Engine/Content/EditorMaterials/MAT_Groups_Visibility.uasset" 69
"../../../Engine/Content/EditorMaterials/PreviewShadowIndicator.uasset" 70
"../../../Engine/Content/EditorMaterials/PreviewShadowIndicatorMaterial.uasset" 71
"../../../Engine/Content/EditorMaterials/MatineeGroups/MAT_ColorTrack.uasset" 72
"../../../Engine/Content/EditorMaterials/MatineeGroups/MAT_Groups_Anim.uasset" 73
"../../../Engine/Content/EditorMaterials/MatineeGroups/MAT_Groups_AudioMaster.uasset" 74
"../../../Engine/Content/EditorMaterials/MatineeGroups/MAT_Groups_Director.uasset" 75
"../../../Engine/Content/EditorMaterials/MatineeGroups/MAT_Groups_Event.uasset" 76
"../../../Engine/Content/EditorMaterials/MatineeGroups/MAT_Groups_Fade.uasset" 77
"../../../Engine/Content/EditorMaterials/MatineeGroups/MAT_Groups_Float.uasset" 78
"../../../Engine/Content/EditorMaterials/MatineeGroups/MAT_Groups_Move.uasset" 79
"../../../Engine/Content/EditorMaterials/MatineeGroups/MAT_Groups_Slomo.uasset" 80
"../../../Engine/Content/EditorMaterials/MatineeGroups/MAT_Groups_Sound.uasset" 81
"../../../Engine/Content/EditorMaterials/MatineeGroups/MAT_Groups_Vector.uasset" 82
"../../../Engine/Content/EditorMaterials/ParticleSystems/PSysThumbnail_NoImage.uasset" 83
"../../../Engine/Content/EditorMaterials/ParticleSystems/PSysThumbnail_OOD.uasset" 84
"../../../Engine/Content/EditorMaterials/Camera/CineMat.uasset" 85
"../../../Engine/Content/EditorMaterials/Camera/MI_CineMat_Rig.uasset" 86
"../../../Engine/Content/EditorMeshes/Camera/SM_CraneRig_Arm.uasset" 87
"../../../Engine/Content/EditorMeshes/Camera/SM_CraneRig_Base.uasset" 88
"../../../Engine/Content/EditorMeshes/Camera/SM_CraneRig_Body.uasset" 89
"../../../Engine/Content/EditorMeshes/Camera/SM_CraneRig_Mount.uasset" 90
"../../../Engine/Content/EditorMeshes/Camera/SM_RailRig_Mount.uasset" 91
"../../../Engine/Content/EditorMeshes/Camera/SM_RailRig_Track.uasset" 92
"../../../Engine/Content/EditorResources/BSPVertex.uasset" 93
"../../../Engine/Content/EditorResources/EmptyActor.uasset" 94
"../../../Engine/Content/EditorResources/S_Actor.uasset" 95
"../../../Engine/Content/EditorResources/S_Note.uasset" 96
"../../../Engine/Content/EditorResources/S_Solver.uasset" 97
"../../../Engine/Content/EditorResources/S_Trigger.uasset" 98
"../../../Engine/Content/EditorResources/SequenceRecorder/Countdown.uasset" 99
"../../../Engine/Content/EditorResources/SequenceRecorder/RecordingIndicator.uasset" 100
"../../../Engine/Content/EditorSounds/Notifications/CompileFailed.uasset" 101
"../../../Engine/Content/EditorSounds/Notifications/CompileFailed_Cue.uasset" 102
"../../../Engine/Content/EditorSounds/Notifications/CompileSuccess.uasset" 103
"../../../Engine/Content/EditorSounds/Notifications/CompileStart_Cue.uasset" 104
"../../../Engine/Content/EditorSounds/Notifications/CompileSuccess_Cue.uasset" 105
"../../../Engine/Content/EngineDamageTypes/DmgTypeBP_Environmental.uasset" 106
"../../../Engine/Content/EngineDebugMaterials/DebugEditorMaterial.uasset" 107
"../../../Engine/Content/EngineDebugMaterials/DebugMeshMaterial.uasset" 108
"../../../Engine/Content/EngineDebugMaterials/M_SimpleUnlitTranslucent.uasset" 109
"../../../Engine/Content/Functions/Engine_MaterialFunctions02/Utility/CameraDirectionVector.uasset" 110
"../../../Engine/Content/EngineDebugMaterials/VolumeToRender.uasset" 111
"../../../Engine/Content/EngineDebugMaterials/M_VolumeRenderSphereTracePP.uasset" 112
"../../../Engine/Content/EngineDebugMaterials/WireframeMaterial.uasset" 113
"../../../Engine/Content/EngineFonts/Faces/DroidSansFallback.uasset" 114
"../../../Engine/Content/EngineFonts/Faces/RobotoBold.uasset" 115
"../../../Engine/Content/EngineFonts/Faces/RobotoBoldItalic.uasset" 116
"../../../Engine/Content/EngineFonts/Faces/RobotoItalic.uasset" 117
"../../../Engine/Content/EngineFonts/Faces/RobotoLight.uasset" 118
"../../../Engine/Content/EngineFonts/Faces/RobotoRegular.uasset" 119
"../../../Engine/Content/EngineFonts/Roboto.uasset" 120
"../../../Engine/Content/EngineMaterials/BaseFlattenDiffuseMap.uasset" 121
"../../../Engine/Content/EngineMaterials/BaseFlattenEmissiveMap.uasset" 122
"../../../Engine/Content/EngineMaterials/BaseFlattenGrayscaleMap.uasset" 123
"../../../Engine/Content/EngineMaterials/BaseFlattenNormalMap.uasset" 124
"../../../Engine/Content/EngineMaterials/BaseFlattenMaterial.uasset" 125
"../../../Engine/Content/EngineMaterials/BlueNoise.uasset" 126
"../../../Engine/Content/EngineMaterials/DefaultBloomKernel.uasset" 127
"../../../Engine/Content/EngineMaterials/DefaultBokeh.uasset" 128
"../../../Engine/Content/EngineMaterials/DefaultDeferredDecalMaterial.uasset" 129
"../../../Engine/Content/EngineMaterials/DefaultLightFunctionMaterial.uasset" 130
"../../../Engine/Content/Functions/Engine_MaterialFunctions02/Utility/BreakOutFloat2Components.uasset" 131
"../../../Engine/Content/EngineMaterials/DefaultPostProcessMaterial.uasset" 132
"../../../Engine/Content/EngineFonts/RobotoDistanceField.uasset" 133
"../../../Engine/Content/EngineMaterials/DefaultTextMaterialOpaque.uasset" 134
"../../../Engine/Content/EngineMaterials/DefaultWhiteGrid.uasset" 135
"../../../Engine/Content/EngineMaterials/DefaultWhiteGrid_Low.uasset" 136
"../../../Engine/Content/EngineMaterials/EmissiveMeshMaterial.uasset" 137
"../../../Engine/Content/EngineMaterials/GizmoMaterial.uasset" 138
"../../../Engine/Content/EngineMaterials/MiniFont.uasset" 139
"../../../Engine/Content/EngineMaterials/InvalidLightmapSettings.uasset" 140
"../../../Engine/Content/EngineMaterials/M_InvalidLightmapSettings.uasset" 141
"../../../Engine/Content/Functions/Engine_MaterialFunctions02/WorldPositionOffset/CameraOffset.uasset" 142
"../../../Engine/Content/EngineMaterials/PhAT_JointLimitMaterial.uasset" 143
"../../../Engine/Content/EngineMaterials/PreintegratedSkinBRDF.uasset" 144
"../../../Engine/Content/EngineMaterials/RemoveSurfaceMaterial.uasset" 145
"../../../Engine/Content/EngineMaterials/WeightMapPlaceholderTexture.uasset" 146
"../../../Engine/Content/EngineResources/WhiteSquareTexture.uasset" 147
"../../../Engine/Content/EngineMaterials/Widget3DPassThrough.uasset" 148
"../../../Engine/Content/EngineMaterials/Widget3DPassThrough_Masked.uasset" 149
"../../../Engine/Content/EngineMaterials/Widget3DPassThrough_Opaque.uasset" 150
"../../../Engine/Content/EngineMaterials/Widget3DPassThrough_Masked_OneSided.uasset" 151
"../../../Engine/Content/EngineMaterials/Widget3DPassThrough_Opaque_OneSided.uasset" 152
"../../../Engine/Content/EngineMaterials/Widget3DPassThrough_Translucent.uasset" 153
"../../../Engine/Content/EngineMaterials/Widget3DPassThrough_Translucent_OneSided.uasset" 154
"../../../Engine/Content/EngineMeshes/Cylinder.uasset" 155
"../../../Engine/Content/EngineMeshes/Sphere.uasset" 156
"../../../Engine/Content/EngineResources/DefaultTexture.uasset" 157
"../../../Engine/Content/EngineResources/DefaultTextureCube.uasset" 158
"../../../Engine/Content/EngineResources/DefaultVolumeTexture2D.uasset" 159
"../../../Engine/Content/EngineResources/DefaultVolumeTexture.uasset" 160
"../../../Engine/Content/EngineResources/GradientTexture0.uasset" 161
"../../../Engine/Content/EngineSounds/Master.uasset" 162
"../../../Engine/Content/Functions/Engine_MaterialFunctions01/Shading/ConvertFromDiffSpec.uasset" 163
"../../../Engine/Content/Functions/Engine_MaterialFunctions01/Shading/PowerToRoughness.uasset" 164
"../../../Engine/Content/Maps/Templates/Thumbnails/Default.uasset" 165
"../../../Engine/Content/Maps/Templates/Thumbnails/TimeOfDay.uasset" 166
"../../../Engine/Content/Maps/Templates/Thumbnails/VR-Basic.uasset" 167
"../../../Engine/Content/MobileResources/T_MobileControls_texture.uasset" 168
"../../../Engine/Content/MobileResources/T_MobileMenu2.uasset" 169
"../../../Engine/Content/MobileResources/HUD/AnalogHat.uasset" 170
"../../../Engine/Content/MobileResources/HUD/VirtualJoystick_Background.uasset" 171
"../../../Engine/Content/MobileResources/HUD/VirtualJoystick_Thumb.uasset" 172
"../../../Engine/Content/MobileResources/HUD/DefaultVirtualJoysticks.uasset" 173
"../../../Engine/Content/MobileResources/HUD/LeftVirtualJoystickOnly.uasset" 174
"../../../Engine/Content/MobileResources/HUD/MobileHUDButton1_off.uasset" 175
"../../../Engine/Content/MobileResources/HUD/MobileHUDButton1_on.uasset" 176
"../../../Engine/Content/MobileResources/HUD/MobileHUDButton2_off.uasset" 177
"../../../Engine/Content/MobileResources/HUD/MobileHUDButton2_on.uasset" 178
"../../../Engine/Content/MobileResources/HUD/MobileHUDButton3.uasset" 179
"../../../Engine/Content/MobileResources/HUD/MobileHUDButtonFire.uasset" 180
"../../../Engine/Content/MobileResources/HUD/MobileHUDDirectionPad.uasset" 181
"../../../Engine/Content/MobileResources/HUD/MobileHUDDirectionPad2.uasset" 182
"../../../Engine/Content/MobileResources/HUD/MobileHUDDirectionPad3.uasset" 183
"../../../Engine/Content/MobileResources/HUD/MobileHUDDirectionStick.uasset" 184
"../../../Engine/Content/MobileResources/HUD/T_Castle_ThumbstickInner.uasset" 185
"../../../Engine/Content/MobileResources/HUD/T_Castle_ThumbstickOutter.uasset" 186
"../../../Engine/Content/Tutorial/ContentIntroCurve.uasset" 187
"../../../Engine/Content/Tutorial/Basics/LevelEditorAttract.uasset" 188
"../../../Engine/Content/Tutorial/Basics/TutorialAssets/icon_tab_Levels_40x.uasset" 189
"../../../Engine/Content/Tutorial/Basics/LevelEditorOverview.uasset" 190
"../../../Engine/Content/Tutorial/BlueprintTutorials/TutorialAssets/Blueprint_64x.uasset" 191
"../../../Engine/Content/Tutorial/BlueprintTutorials/BlueprintEditorTutorial.uasset" 192
"../../../Engine/Content/VREditor/LaserPointer/VR_LaserPower_01.uasset" 193
"../../../Engine/Content/VREditor/TransformGizmo/TransformGizmoMaterial.uasset" 194
"../../../Engine/Content/VREditor/TransformGizmo/TranslucentTransformGizmoMaterial.uasset" 195
"../../../Engine/Content/VREditor/TransformGizmo/BoundingBoxCorner.uasset" 196
"../../../Engine/Content/VREditor/TransformGizmo/BoundingBoxEdge.uasset" 197
"../../../Engine/Content/VREditor/TransformGizmo/PlaneTranslationHandle.uasset" 198
"../../../Engine/Content/VREditor/TransformGizmo/Main.uasset" 199
"../../../Engine/Content/VREditor/TransformGizmo/Xray.uasset" 200
"../../../Engine/Content/VREditor/TransformGizmo/SM_Sequencer_Key.uasset" 201
"../../../Engine/Content/VREditor/TransformGizmo/SM_Sequencer_Node.uasset" 202
"../../Plugins/2D/Paper2D/Content/PlaceholderTextures/DummySpriteTexture.uasset" 203
"../../Plugins/2D/Paper2D/Content/DummySprite.uasset" 204
"../../Plugins/2D/Paper2D/Content/DefaultPaperTerrainMaterial.uasset" 205
"../../Plugins/2D/Paper2D/Content/DefaultSpriteMaterial.uasset" 206
"../../Plugins/2D/Paper2D/Content/MaskedUnlitSpriteMaterial.uasset" 207
"../../Plugins/2D/Paper2D/Content/OpaqueUnlitSpriteMaterial.uasset" 208
"../../Plugins/FX/Niagara/Content/Enums/ENiagaraBooleanLogicOps.uasset" 209
"../../Plugins/FX/Niagara/Content/Enums/ENiagaraCoordinateSpace.uasset" 210
"../../Plugins/FX/Niagara/Content/Enums/ENiagaraExpansionMode.uasset" 211
"../../Plugins/FX/Niagara/Content/Enums/ENiagaraOrientationAxis.uasset" 212
"../../Plugins/FX/Niagara/Content/Enums/ENiagaraRandomnessMode.uasset" 213
"../../../Engine/Content/Functions/Engine_MaterialFunctions02/Utility/BreakOutFloat4Components.uasset" 214
"../../../Engine/Content/Functions/Engine_MaterialFunctions02/Utility/MakeFloat2.uasset" 215
"../../../Engine/Content/Functions/Engine_MaterialFunctions02/Utility/MakeFloat3.uasset" 216
"../../Plugins/Runtime/Oculus/OculusVR/Content/Materials/OculusMR_ChromaKey.uasset" 217
"../../Plugins/Runtime/Oculus/OculusVR/Content/Materials/OculusMR_ChromaKey_Lit.uasset" 218
"../../Plugins/Runtime/Oculus/OculusVR/Content/Materials/OculusMR_OpaqueColoredMaterial.uasset" 219
"../../Plugins/Runtime/Oculus/OculusVR/Content/Materials/OculusMR_WhiteMaterial.uasset" 220
"../../../../../Create/Projects/Unreal/MMO/Content/Textures/RPG.uasset" 221
"../../../Engine/Content/EditorBlueprintResources/StandardMacros.uasset" 222
"../../../../../Create/Projects/Unreal/MMO/Content/Data/E_Char_Classes.uasset" 223
"../../../../../Create/Projects/Unreal/MMO/Content/Data/F_PlayerCharData.uasset" 224
"../../../../../Create/Projects/Unreal/MMO/Content/Blueprints/Gameplay/SaveGame_MMO.uasset" 225
"../../../../../Create/Projects/Unreal/MMO/Content/Blueprints/Gameplay/GameInstance_MMO.uasset" 226
"../../../../../Create/Projects/Unreal/MMO/Content/UI/WB_Profile.uasset" 227
"../../../../../Create/Projects/Unreal/MMO/Content/UI/WB_Profiles.uasset" 228
"../../../../../Create/Projects/Unreal/MMO/Content/UI/WB_ServerIP.uasset" 229
"../../../../../Create/Projects/Unreal/MMO/Content/UI/WB_Setting.uasset" 230
"../../../../../Create/Projects/Unreal/MMO/Content/UI/WB_MainMenu.uasset" 231
"../../../../../Create/Projects/Unreal/MMO/Content/Blueprints/Gameplay/Ctrl_MainMenu.uasset" 232
"../../../../../Create/Projects/Unreal/MMO/Content/Blueprints/Gameplay/GM_MainMenu.uasset" 233
"../../../../../Create/Projects/Unreal/MMO/Content/Maps/MainMenu.umap" 234
"../../../../../Create/Projects/Unreal/MMO/Content/Blueprints/Actors/BP_ClassSelect.uasset" 235
"../../../../../Create/Projects/Unreal/MMO/Content/Blueprints/Actors/Characters/Profile/BP_CharClass.uasset" 236
"../../../Engine/Content/Animation/DefaultAnimBoneCompressionSettings.uasset" 237
"../../../../../Create/Projects/Unreal/MMO/Content/SkeletalMeshes/Char/ParagonGideon/Characters/Heroes/Gideon/Meshes/Gideon_SkeletonRig.uasset" 238
"../../../../../Create/Projects/Unreal/MMO/Content/SkeletalMeshes/Char/ParagonGideon/Characters/Heroes/Gideon/Meshes/Gideon_Skeleton.uasset" 239
"../../../../../Create/Projects/Unreal/MMO/Content/SkeletalMeshes/Char/ParagonGideon/Characters/Heroes/Gideon/Animations/Idle.uasset" 240
"../../../../../Create/Projects/Unreal/MMO/Content/SkeletalMeshes/Char/ParagonGideon/Characters/Global/Eyelash/T_Universal_Eyelashes_D.uasset" 241
"../../../../../Create/Projects/Unreal/MMO/Content/SkeletalMeshes/Char/ParagonGideon/Characters/Global/Eyelash/M_EyelashMaster.uasset" 242
"../../../Engine/Content/Functions/Engine_MaterialFunctions01/ImageAdjustment/BlurSampleOffsets.uasset" 243
"../../../Engine/Content/Functions/Engine_MaterialFunctions01/ImageAdjustment/SceneTextureAverage.uasset" 244
"../../../Engine/Content/Functions/Engine_MaterialFunctions02/Utility/CameraVectorWithWPOOptions.uasset" 245
"../../../Engine/Content/Functions/Engine_MaterialFunctions02/Utility/VectorLength.uasset" 246
"../../../../../Create/Projects/Unreal/MMO/Content/SkeletalMeshes/Char/ParagonGideon/Characters/Global/Eyes/Textures/T_EyeOcclusion2.uasset" 247
"../../../../../Create/Projects/Unreal/MMO/Content/SkeletalMeshes/Char/ParagonGideon/Characters/Global/Eyes/Materials/M_Eye_Occlusion.uasset" 248
"../../../../../Create/Projects/Unreal/MMO/Content/SkeletalMeshes/Char/ParagonGideon/Characters/Global/Eyes/Textures/SSP_TearDuctSubsurfaceProfile.uasset" 249
"../../../../../Create/Projects/Unreal/MMO/Content/SkeletalMeshes/Char/ParagonGideon/Characters/Global/Eyes/Textures/T_Eye_Tearduct__normals2.uasset" 250
"../../../../../Create/Projects/Unreal/MMO/Content/SkeletalMeshes/Char/ParagonGideon/Characters/Global/Eyes/Materials/M_TearDuct_2.uasset" 251
"../../../../../Create/Projects/Unreal/MMO/Content/SkeletalMeshes/Char/ParagonGideon/Characters/Global/Eyes/Materials/M_TearLine.uasset" 252
"../../../../../Create/Projects/Unreal/MMO/Content/SkeletalMeshes/Char/ParagonGideon/Characters/Heroes/Gideon/Textures/T_Portal_SpaceMask_M.uasset" 253
"../../../../../Create/Projects/Unreal/MMO/Content/SkeletalMeshes/Char/ParagonGideon/Characters/Heroes/Gideon/Materials/M_Gideon_Ring_Glow.uasset" 254
"../../../../../Create/Projects/Unreal/MMO/Content/SkeletalMeshes/Char/ParagonGideon/Characters/Global/T_Black_Linear.uasset" 255
"../../../../../Create/Projects/Unreal/MMO/Content/SkeletalMeshes/Char/ParagonGideon/Characters/Global/MaterialFunctions/MF_OrionCharacterAO.uasset" 256
"../../../Engine/Content/Functions/Engine_MaterialFunctions01/Texturing/FlattenNormal.uasset" 257
"../../../../../Create/Projects/Unreal/MMO/Content/SkeletalMeshes/Char/ParagonGideon/Characters/Global/MaterialLayers/Skin/T_Pore_Normals2.uasset" 258
"../../../../../Create/Projects/Unreal/MMO/Content/SkeletalMeshes/Char/ParagonGideon/Characters/Global/MaterialLayers/Skin/T_Pore_Specular.uasset" 259
"../../../../../Create/Projects/Unreal/MMO/Content/SkeletalMeshes/Char/ParagonGideon/Characters/Global/MaterialFunctions/MF_SkinPores.uasset" 260
"../../../../../Create/Projects/Unreal/MMO/Content/SkeletalMeshes/Char/ParagonGideon/Characters/Global/MaterialLayers/Skin/ML_Skin.uasset" 261
"../../../../../Create/Projects/Unreal/MMO/Content/SkeletalMeshes/Char/ParagonGideon/Characters/Global/MaterialLayers/Metal/T_Metal_Precious_Old_N.uasset" 262
"../../../../../Create/Projects/Unreal/MMO/Content/SkeletalMeshes/Char/ParagonGideon/Characters/Global/MaterialLayers/Metal/T_Metal_Precious_Old_RGBA.uasset" 263
"../../../../../Create/Projects/Unreal/MMO/Content/SkeletalMeshes/Char/ParagonGideon/Characters/Global/MaterialLayers/Metal/ML_Precious_Metal_Old.uasset" 264
"../../../../../Create/Projects/Unreal/MMO/Content/SkeletalMeshes/Char/ParagonGideon/Characters/Heroes/Gideon/Skins/Tough/Materials/ML_Gideon_Tough_Gold.uasset" 265
"../../../../../Create/Projects/Unreal/MMO/Content/SkeletalMeshes/Char/ParagonGideon/Characters/Heroes/Gideon/Materials/SSP_Gideon_Skin.uasset" 266
"../../../../../Create/Projects/Unreal/MMO/Content/SkeletalMeshes/Char/ParagonGideon/Characters/Heroes/Gideon/Skins/Tough/Textures/T_Gideon_Tough_Upperbody_M.uasset" 267
"../../../../../Create/Projects/Unreal/MMO/Content/SkeletalMeshes/Char/ParagonGideon/Characters/Heroes/Gideon/Skins/Tough/Textures/T_Gideon_Tough_Upperbody_RGB.uasset" 268
"../../../../../Create/Projects/Unreal/MMO/Content/SkeletalMeshes/Char/ParagonGideon/Characters/Heroes/Gideon/Skins/Tough/Textures/T_Tough_Upperbody_Normal_Demo.uasset" 269
"../../../../../Create/Projects/Unreal/MMO/Content/SkeletalMeshes/Char/ParagonGideon/Characters/Heroes/Gideon/Textures/T_Gideon_Upperbody_Mask.uasset" 270
"../../../../../Create/Projects/Unreal/MMO/Content/SkeletalMeshes/Char/ParagonGideon/Characters/Heroes/Gideon/Textures/T_Gideon_Upperbody_RGB.uasset" 271
"../../../../../Create/Projects/Unreal/MMO/Content/SkeletalMeshes/Char/ParagonGideon/Characters/Heroes/Gideon/Skins/Tough/Materials/M_Gideon_Tough_Arms.uasset" 272
"../../../../../Create/Projects/Unreal/MMO/Content/SkeletalMeshes/Char/ParagonGideon/Characters/Heroes/Gideon/Skins/Tough/Textures/T_Gideon_Tough_Face_D.uasset" 273
"../../../../../Create/Projects/Unreal/MMO/Content/SkeletalMeshes/Char/ParagonGideon/Characters/Heroes/Gideon/Textures/T_LP_Rift_Head_N.uasset" 274
"../../../../../Create/Projects/Unreal/MMO/Content/SkeletalMeshes/Char/ParagonGideon/Characters/Heroes/Gideon/Skins/Tough/Materials/M_Skin_Gideon_Custom.uasset" 275
"../../../../../Create/Projects/Unreal/MMO/Content/SkeletalMeshes/Char/ParagonGideon/Characters/Global/Mouth/Materials/SSP_TeethSubsurfaceProfile.uasset" 276
"../../../../../Create/Projects/Unreal/MMO/Content/SkeletalMeshes/Char/ParagonGideon/Characters/Global/Mouth/Textures/T_Master_Mouth_1_COLOR.uasset" 277
"../../../../../Create/Projects/Unreal/MMO/Content/SkeletalMeshes/Char/ParagonGideon/Characters/Global/Mouth/Textures/T_Master_Mouth_1_N.uasset" 278
"../../../../../Create/Projects/Unreal/MMO/Content/SkeletalMeshes/Char/ParagonGideon/Characters/Global/Mouth/Textures/T_Master_Mouth_1_RGB.uasset" 279
"../../../../../Create/Projects/Unreal/MMO/Content/SkeletalMeshes/Char/ParagonGideon/Characters/Global/Mouth/Materials/M_Mouth_Master.uasset" 280
"../../../../../Create/Projects/Unreal/MMO/Content/SkeletalMeshes/Char/ParagonGideon/Characters/Global/Mouth/Textures/T_TeethAndTongue_D.uasset" 281
"../../../../../Create/Projects/Unreal/MMO/Content/SkeletalMeshes/Char/ParagonGideon/Characters/Global/Mouth/Textures/T_TeethAndTongue_N.uasset" 282
"../../../../../Create/Projects/Unreal/MMO/Content/SkeletalMeshes/Char/ParagonGideon/Characters/Global/Mouth/Materials/MI_Human_Mouth.uasset" 283
"../../../Engine/Content/Functions/Engine_MaterialFunctions02/HueShift.uasset" 284
"../../../Engine/Content/Functions/Engine_MaterialFunctions02/Math/MultiplyAdd.uasset" 285
"../../../../../Create/Projects/Unreal/MMO/Content/SkeletalMeshes/Char/ParagonGideon/Characters/Global/Hair/Materials/MF_BlendHairColorsWithParam.uasset" 286
"../../../../../Create/Projects/Unreal/MMO/Content/SkeletalMeshes/Char/ParagonGideon/Characters/Global/MaterialFunctions/MF_ParagonCharacterHairWind.uasset" 287
"../../../Engine/Content/EditorMaterials/Cascade/CASC_Solo_On.uasset" 288
"../../../Engine/Content/EngineResources/Black.uasset" 289
"../../../../../Create/Projects/Unreal/MMO/Content/SkeletalMeshes/Char/ParagonGideon/Characters/Global/Hair/T_Caustics_2.uasset" 290
"../../../../../Create/Projects/Unreal/MMO/Content/SkeletalMeshes/Char/ParagonGideon/Characters/Global/Hair/T_Fire_Tiled_D.uasset" 291
"../../../../../Create/Projects/Unreal/MMO/Content/SkeletalMeshes/Char/ParagonGideon/Characters/Global/Hair/T_gradient_stasis.uasset" 292
"../../../../../Create/Projects/Unreal/MMO/Content/SkeletalMeshes/Char/ParagonGideon/Characters/Global/Hair/TestContent/T_HairClump02_Alpha.uasset" 293
"../../../../../Create/Projects/Unreal/MMO/Content/SkeletalMeshes/Char/ParagonGideon/Characters/Global/Hair/TestContent/T_HairClump02_Depth.uasset" 294
"../../../../../Create/Projects/Unreal/MMO/Content/SkeletalMeshes/Char/ParagonGideon/Characters/Global/Hair/TestContent/T_HairClump02_DyeMask.uasset" 295
"../../../../../Create/Projects/Unreal/MMO/Content/SkeletalMeshes/Char/ParagonGideon/Characters/Global/Hair/TestContent/T_HairClump02_ID.uasset" 296
"../../../../../Create/Projects/Unreal/MMO/Content/SkeletalMeshes/Char/ParagonGideon/Characters/Global/Hair/TestContent/T_HairClump02_Roots.uasset" 297
"../../../../../Create/Projects/Unreal/MMO/Content/SkeletalMeshes/Char/ParagonGideon/Characters/Global/Hair/Materials/M_HairSheet_Master2.uasset" 298
"../../../../../Create/Projects/Unreal/MMO/Content/SkeletalMeshes/Char/ParagonGideon/Characters/Global/Hair/SharedHairContent/MaleBearded_Gideon/T_BEARD_Alpha_01.uasset" 299
"../../../../../Create/Projects/Unreal/MMO/Content/SkeletalMeshes/Char/ParagonGideon/Characters/Global/Hair/SharedHairContent/MaleBearded_Gideon/T_BEARD_Grad_01.uasset" 300
"../../../../../Create/Projects/Unreal/MMO/Content/SkeletalMeshes/Char/ParagonGideon/Characters/Global/Hair/SharedHairContent/MaleBearded_Gideon/T_BEARD_ID_01.uasset" 301
"../../../../../Create/Projects/Unreal/MMO/Content/SkeletalMeshes/Char/ParagonGideon/Characters/Heroes/Gideon/Materials/M_Gideon_Beard.uasset" 302
"../../../Engine/Content/Functions/Engine_MaterialFunctions01/ImageAdjustment/DeriveHDRfromLDR.uasset" 303
"../../../Engine/Content/Functions/Engine_MaterialFunctions01/Texturing/ScaleUVsByCenter.uasset" 304
"../../../Engine/Content/Functions/Engine_MaterialFunctions02/TangentBasis.uasset" 305
"../../../../../Create/Projects/Unreal/MMO/Content/SkeletalMeshes/Char/ParagonGideon/Characters/Global/Eyes/Textures/Example/T_EyeMidPlaneDisplacement_Example.uasset" 306
"../../../../../Create/Projects/Unreal/MMO/Content/SkeletalMeshes/Char/ParagonGideon/Characters/Global/Eyes/MaterialFunctions/ML_EyeRefraction.uasset" 307
"../../../../../Create/Projects/Unreal/MMO/Content/SkeletalMeshes/Char/ParagonGideon/Characters/Global/Eyes/Textures/T_Gideon_Corona_D.uasset" 308
"../../../../../Create/Projects/Unreal/MMO/Content/SkeletalMeshes/Char/ParagonGideon/Characters/Global/MaterialFunctions/ML_GideonULTEye.uasset" 309
"../../../../../Create/Projects/Unreal/MMO/Content/SkeletalMeshes/Char/ParagonGideon/Characters/Global/Eyes/Textures/Example/SSP_EyeInner_Profile.uasset" 310
"../../../../../Create/Projects/Unreal/MMO/Content/SkeletalMeshes/Char/ParagonGideon/Characters/Global/Eyes/Textures/Example/T_EYE_NORMALS.uasset" 311
"../../../../../Create/Projects/Unreal/MMO/Content/SkeletalMeshes/Char/ParagonGideon/Characters/Global/Eyes/Textures/Example/T_Eye_Wet_Normal.uasset" 312
"../../../../../Create/Projects/Unreal/MMO/Content/SkeletalMeshes/Char/ParagonGideon/Characters/Global/Eyes/Textures/Example/T_EyeIrisBaseColor_Example_2.uasset" 313
"../../../../../Create/Projects/Unreal/MMO/Content/SkeletalMeshes/Char/ParagonGideon/Characters/Global/Eyes/Textures/Example/T_EyeScleraBaseColor_Example_2.uasset" 314
"../../../../../Create/Projects/Unreal/MMO/Content/SkeletalMeshes/Char/ParagonGideon/Characters/Global/Eyes/Textures/Example/T_Sphere_EYE_NORMALS.uasset" 315
"../../../../../Create/Projects/Unreal/MMO/Content/SkeletalMeshes/Char/ParagonGideon/Characters/Global/Eyes/Textures/T_DecalMask_Radial03.uasset" 316
"../../../../../Create/Projects/Unreal/MMO/Content/SkeletalMeshes/Char/ParagonGideon/Characters/Global/Eyes/Textures/T_EpicQuadPanorama_CC.uasset" 317
"../../../../../Create/Projects/Unreal/MMO/Content/SkeletalMeshes/Char/ParagonGideon/Characters/Global/Eyes/Textures/T_Swirly_Noise.uasset" 318
"../../../../../Create/Projects/Unreal/MMO/Content/SkeletalMeshes/Char/ParagonGideon/Characters/Global/Eyes/Materials/M_EyeRefractive.uasset" 319
"../../../../../Create/Projects/Unreal/MMO/Content/SkeletalMeshes/Char/ParagonGideon/Characters/Global/Eyes/Textures/Example/T_EyeIrisBaseColor_Example_3.uasset" 320
"../../../../../Create/Projects/Unreal/MMO/Content/SkeletalMeshes/Char/ParagonGideon/Characters/Heroes/Gideon/Materials/MI_Gideon_Eye.uasset" 321
"../../../../../Create/Projects/Unreal/MMO/Content/SkeletalMeshes/Char/ParagonGideon/Characters/Global/MaterialFunctions/MF_Mask_Harden.uasset" 322
"../../../../../Create/Projects/Unreal/MMO/Content/SkeletalMeshes/Char/ParagonGideon/Characters/Global/MaterialLayers/Rock/T_Gem_Translucent_01_N.uasset" 323
"../../../../../Create/Projects/Unreal/MMO/Content/SkeletalMeshes/Char/ParagonGideon/Characters/Global/MaterialLayers/Rock/T_Gem_Translucent_01_RGBA.uasset" 324
"../../../../../Create/Projects/Unreal/MMO/Content/SkeletalMeshes/Char/ParagonGideon/Characters/Global/MaterialLayers/Rock/ML_Gem_Translucen_Mayan.uasset" 325
"../../../../../Create/Projects/Unreal/MMO/Content/SkeletalMeshes/Char/ParagonGideon/Characters/Global/MaterialLayers/Special/MF_SimpleDirt.uasset" 326
"../../../../../Create/Projects/Unreal/MMO/Content/SkeletalMeshes/Char/ParagonGideon/Characters/Global/MaterialLayers/Leather/T_Dark_Leather_N.uasset" 327
"../../../../../Create/Projects/Unreal/MMO/Content/SkeletalMeshes/Char/ParagonGideon/Characters/Global/MaterialLayers/Leather/T_Light_Leather2.uasset" 328
"../../../../../Create/Projects/Unreal/MMO/Content/SkeletalMeshes/Char/ParagonGideon/Characters/Global/MaterialLayers/Leather/ML_Light_Leather_Brown2.uasset" 329
"../../../../../Create/Projects/Unreal/MMO/Content/SkeletalMeshes/Char/ParagonGideon/Characters/Heroes/Gideon/Skins/Tough/Materials/ML_Gideon_Tough_Leather.uasset" 330
"../../../../../Create/Projects/Unreal/MMO/Content/SkeletalMeshes/Char/ParagonGideon/Characters/Global/MaterialLayers/Fabric/T_GoldFabric01_N.uasset" 331
"../../../../../Create/Projects/Unreal/MMO/Content/SkeletalMeshes/Char/ParagonGideon/Characters/Global/MaterialLayers/Fabric/T_ML_Fabric_Blue_Medium_N.uasset" 332
"../../../../../Create/Projects/Unreal/MMO/Content/SkeletalMeshes/Char/ParagonGideon/Characters/Global/MaterialLayers/Fabric/T_silkroughness.uasset" 333
"../../../../../Create/Projects/Unreal/MMO/Content/SkeletalMeshes/Char/ParagonGideon/Characters/Heroes/Gideon/Skins/Tough/Materials/ML_Gideon_Tough_Silk.uasset" 334
"../../../../../Create/Projects/Unreal/MMO/Content/SkeletalMeshes/Char/ParagonGideon/Characters/Heroes/Gideon/Skins/Tough/Textures/T_Gideon_Tough_Upperbody_M1.uasset" 335
"../../../../../Create/Projects/Unreal/MMO/Content/SkeletalMeshes/Char/ParagonGideon/Characters/Heroes/Gideon/Skins/Tough/Textures/T_Gideon_Tough_Upperbody_N.uasset" 336
"../../../../../Create/Projects/Unreal/MMO/Content/SkeletalMeshes/Char/ParagonGideon/Characters/Heroes/Gideon/Skins/Tough/Materials/M_Gideon_Tough_Parent.uasset" 337
"../../../../../Create/Projects/Unreal/MMO/Content/SkeletalMeshes/Char/ParagonGideon/Characters/Heroes/Gideon/Skins/Tough/Materials/MI_Gideon_Tough_Upperbody.uasset" 338
"../../../../../Create/Projects/Unreal/MMO/Content/SkeletalMeshes/Char/ParagonGideon/Characters/Heroes/Gideon/Skins/Tough/Textures/T_Gideon_Tough_Lowerbody_M.uasset" 339
"../../../../../Create/Projects/Unreal/MMO/Content/SkeletalMeshes/Char/ParagonGideon/Characters/Heroes/Gideon/Skins/Tough/Textures/T_Gideon_Tough_Lowerbody_M1.uasset" 340
"../../../../../Create/Projects/Unreal/MMO/Content/SkeletalMeshes/Char/ParagonGideon/Characters/Heroes/Gideon/Skins/Tough/Textures/T_Gideon_Tough_Lowerbody_RGB.uasset" 341
"../../../../../Create/Projects/Unreal/MMO/Content/SkeletalMeshes/Char/ParagonGideon/Characters/Heroes/Gideon/Skins/Tough/Textures/T_Tough_Lownbody_Normal_Demo.uasset" 342
"../../../../../Create/Projects/Unreal/MMO/Content/SkeletalMeshes/Char/ParagonGideon/Characters/Heroes/Gideon/Skins/Tough/Materials/MI_Gideon_Tough_Legs.uasset" 343
"../../../../../Create/Projects/Unreal/MMO/Content/SkeletalMeshes/Char/ParagonGideon/Characters/Heroes/Gideon/Skins/Tough/Textures/T_Gideon_Tough_Ring_M.uasset" 344
"../../../../../Create/Projects/Unreal/MMO/Content/SkeletalMeshes/Char/ParagonGideon/Characters/Heroes/Gideon/Skins/Tough/Textures/T_Gideon_Tough_Ring_M1.uasset" 345
"../../../../../Create/Projects/Unreal/MMO/Content/SkeletalMeshes/Char/ParagonGideon/Characters/Heroes/Gideon/Skins/Tough/Textures/T_Gideon_Tough_Ring_RGB.uasset" 346
"../../../../../Create/Projects/Unreal/MMO/Content/SkeletalMeshes/Char/ParagonGideon/Characters/Heroes/Gideon/Skins/Tough/Textures/T_Tough_Rings_Normal_Demo.uasset" 347
"../../../../../Create/Projects/Unreal/MMO/Content/SkeletalMeshes/Char/ParagonGideon/Characters/Heroes/Gideon/Skins/Tough/Materials/MI_Gideon_Tough_Ring.uasset" 348
"../../../../../Create/Projects/Unreal/MMO/Content/SkeletalMeshes/Char/ParagonGideon/Characters/Heroes/Gideon/Meshes/Gideon_CylShadows.uasset" 349
"../../../../../Create/Projects/Unreal/MMO/Content/SkeletalMeshes/Char/ParagonGideon/Characters/Heroes/Gideon/Meshes/Gideon_PhysicsAsset.uasset" 350
"../../../../../Create/Projects/Unreal/MMO/Content/SkeletalMeshes/Char/ParagonGideon/Characters/Heroes/Gideon/Skins/Tough/Meshes/Gideon_Tough_Cloth_Physics.uasset" 351
"../../../../../Create/Projects/Unreal/MMO/Content/SkeletalMeshes/Char/ParagonGideon/Characters/Heroes/Gideon/Skins/Tough/Meshes/Gideon_Tough.uasset" 352
"../../../../../Create/Projects/Unreal/MMO/Content/Blueprints/Actors/Characters/Profile/BP_CharClass_Beast.uasset" 353
"../../../../../Create/Projects/Unreal/MMO/Content/SkeletalMeshes/Char/ParagonGideon/Characters/Heroes/Gideon/Skins/Mephisto/Textures/T_Gideon_Head_Mephisto.uasset" 354
"../../../../../Create/Projects/Unreal/MMO/Content/SkeletalMeshes/Char/ParagonGideon/Characters/Heroes/Gideon/Skins/Mephisto/Textures/T_M_Gideon_Head_FacePaint.uasset" 355
"../../../../../Create/Projects/Unreal/MMO/Content/SkeletalMeshes/Char/ParagonGideon/Characters/Heroes/Gideon/Textures/T_Gideon_Head_M.uasset" 356
"../../../../../Create/Projects/Unreal/MMO/Content/SkeletalMeshes/Char/ParagonGideon/Characters/Heroes/Gideon/Skins/Mephisto/Materials/M_Gideon_Head.uasset" 357
"../../../../../Create/Projects/Unreal/MMO/Content/SkeletalMeshes/Char/ParagonGideon/Characters/Global/MaterialLayers/Fabric/T_FineFabric01_N.uasset" 358
"../../../../../Create/Projects/Unreal/MMO/Content/SkeletalMeshes/Char/ParagonGideon/Characters/Global/MaterialLayers/Fabric/T_FineFabric01.uasset" 359
"../../../../../Create/Projects/Unreal/MMO/Content/SkeletalMeshes/Char/ParagonGideon/Characters/Global/MaterialLayers/Fabric/ML_ColorableCloth.uasset" 360
"../../../../../Create/Projects/Unreal/MMO/Content/SkeletalMeshes/Char/ParagonGideon/Characters/Global/MaterialLayers/Fabric/ML_ColorableCloth_Pattern.uasset" 361
"../../../../../Create/Projects/Unreal/MMO/Content/SkeletalMeshes/Char/ParagonGideon/Characters/Global/MaterialFunctions/MF_Character_MaterialLayerQuality.uasset" 362
"../../../../../Create/Projects/Unreal/MMO/Content/SkeletalMeshes/Char/ParagonGideon/Characters/Global/MaterialLayers/Leather/T_Synthetic_Leather01_D.uasset" 363
"../../../../../Create/Projects/Unreal/MMO/Content/SkeletalMeshes/Char/ParagonGideon/Characters/Global/MaterialLayers/Leather/ML_Synthetic_Leather01.uasset" 364
"../../../../../Create/Projects/Unreal/MMO/Content/SkeletalMeshes/Char/ParagonGideon/Characters/Global/MaterialLayers/Painted/ML_Plain_Glossy_Plastic.uasset" 365
"../../../../../Create/Projects/Unreal/MMO/Content/SkeletalMeshes/Char/ParagonGideon/Characters/Global/MaterialLayers/Synthetics/T_Gideon_Eye_D.uasset" 366
"../../../../../Create/Projects/Unreal/MMO/Content/SkeletalMeshes/Char/ParagonGideon/Characters/Global/MaterialLayers/Synthetics/ML_Gem.uasset" 367
"../../../../../Create/Projects/Unreal/MMO/Content/SkeletalMeshes/Char/ParagonGideon/Characters/Heroes/Gideon/Skins/Mephisto/Textures/T_Pitchforks.uasset" 368
"../../../../../Create/Projects/Unreal/MMO/Content/SkeletalMeshes/Char/ParagonGideon/Characters/Heroes/Gideon/Textures/T_Gideon_Upperbody_Mask_2.uasset" 369
"../../../../../Create/Projects/Unreal/MMO/Content/SkeletalMeshes/Char/ParagonGideon/Characters/Heroes/Gideon/Textures/T_Gideon_Upperbody_Mask_Varient1.uasset" 370
"../../../../../Create/Projects/Unreal/MMO/Content/SkeletalMeshes/Char/ParagonGideon/Characters/Heroes/Gideon/Textures/T_Gideon_Upperbody_Normal.uasset" 371
"../../../../../Create/Projects/Unreal/MMO/Content/SkeletalMeshes/Char/ParagonGideon/Characters/Heroes/Gideon/Skins/Mephisto/Materials/M_Gideon_Upperbody_Mephisto.uasset" 372
"../../../../../Create/Projects/Unreal/MMO/Content/SkeletalMeshes/Char/ParagonGideon/Characters/Heroes/Gideon/Skins/Mephisto/Textures/T_Gideon_Upperbody_Mask_Varient1.uasset" 373
"../../../../../Create/Projects/Unreal/MMO/Content/SkeletalMeshes/Char/ParagonGideon/Characters/Heroes/Gideon/Skins/Mephisto/Materials/M_Gideon_Upperbody_Skin_Mephisto.uasset" 374
"../../../../../Create/Projects/Unreal/MMO/Content/SkeletalMeshes/Char/ParagonGideon/Characters/Global/Eyes/Textures/Example/T_EyeIrisBaseColor_Example_6.uasset" 375
"../../../../../Create/Projects/Unreal/MMO/Content/SkeletalMeshes/Char/ParagonGideon/Characters/Heroes/Gideon/Materials/M_Gideon_EyeRefractive_Inst.uasset" 376
"../../../../../Create/Projects/Unreal/MMO/Content/SkeletalMeshes/Char/ParagonGideon/Characters/Heroes/Gideon/Skins/Mephisto/Materials/M_Gideon_Beard_Mephisto.uasset" 377
"../../../../../Create/Projects/Unreal/MMO/Content/SkeletalMeshes/Char/ParagonGideon/Characters/Heroes/Gideon/Textures/T_Gideon_Legs_Mask_2_v2.uasset" 378
"../../../../../Create/Projects/Unreal/MMO/Content/SkeletalMeshes/Char/ParagonGideon/Characters/Heroes/Gideon/Textures/T_Gideon_Legs_Mask_v2.uasset" 379
"../../../../../Create/Projects/Unreal/MMO/Content/SkeletalMeshes/Char/ParagonGideon/Characters/Heroes/Gideon/Textures/T_Gideon_Legs_normals.uasset" 380
"../../../../../Create/Projects/Unreal/MMO/Content/SkeletalMeshes/Char/ParagonGideon/Characters/Heroes/Gideon/Textures/T_Gideon_Legs_RGB_2.uasset" 381
"../../../../../Create/Projects/Unreal/MMO/Content/SkeletalMeshes/Char/ParagonGideon/Characters/Heroes/Gideon/Skins/Mephisto/Materials/M_Gideon_LowerBody_Mephisto.uasset" 382
"../../../../../Create/Projects/Unreal/MMO/Content/SkeletalMeshes/Char/ParagonGideon/Characters/Heroes/Gideon/Skins/Mephisto/Materials/M_Gideon_OuterRing_Masked.uasset" 383
"../../../../../Create/Projects/Unreal/MMO/Content/SkeletalMeshes/Char/ParagonGideon/Characters/Heroes/Gideon/Skins/Mephisto/Meshes/Gideon_Mephisto.uasset" 384
"../../../../../Create/Projects/Unreal/MMO/Content/Blueprints/Actors/Characters/Profile/BP_CharClass_Demon.uasset" 385
"../../../../../Create/Projects/Unreal/MMO/Content/SkeletalMeshes/Char/ParagonGideon/Characters/Heroes/Gideon/Skins/Inquisitor/Textures/T_Inquisitor_Head_M.uasset" 386
"../../../../../Create/Projects/Unreal/MMO/Content/SkeletalMeshes/Char/ParagonGideon/Characters/Heroes/Gideon/Textures/T_Gideon_Head_Color.uasset" 387
"../../../../../Create/Projects/Unreal/MMO/Content/SkeletalMeshes/Char/ParagonGideon/Characters/Heroes/Gideon/Skins/Inquisitor/Materials/M_Gideon_Head_Inquisitor.uasset" 388
"../../../Engine/Content/Functions/MaterialLayerFunctions/MatLayerBlend_NormalFlatten.uasset" 389
"../../../../../Create/Projects/Unreal/MMO/Content/SkeletalMeshes/Char/ParagonGideon/Characters/Global/MaterialLayers/Fabric/ML_ColorableCloth_Velvet_2X.uasset" 390
"../../../../../Create/Projects/Unreal/MMO/Content/SkeletalMeshes/Char/ParagonGideon/Characters/Global/MaterialLayers/Fabric/T_OldWeave_COLOR.uasset" 391
"../../../../../Create/Projects/Unreal/MMO/Content/SkeletalMeshes/Char/ParagonGideon/Characters/Global/MaterialLayers/Fabric/T_OldWeave_NRM.uasset" 392
"../../../../../Create/Projects/Unreal/MMO/Content/SkeletalMeshes/Char/ParagonGideon/Characters/Global/MaterialLayers/Fabric/T_UnpleasentGrime_D.uasset" 393
"../../../../../Create/Projects/Unreal/MMO/Content/SkeletalMeshes/Char/ParagonGideon/Characters/Global/MaterialLayers/Fabric/ML_HeavyPatternedFabric2.uasset" 394
"../../../../../Create/Projects/Unreal/MMO/Content/SkeletalMeshes/Char/ParagonGideon/Characters/Global/MaterialLayers/Leather/T_Leather_Blue_N.uasset" 395
"../../../../../Create/Projects/Unreal/MMO/Content/SkeletalMeshes/Char/ParagonGideon/Characters/Global/MaterialLayers/Leather/T_Leather_Blue_D.uasset" 396
"../../../../../Create/Projects/Unreal/MMO/Content/SkeletalMeshes/Char/ParagonGideon/Characters/Global/MaterialLayers/Leather/ML_Synthetic_Leather02_Stained2.uasset" 397
"../../../Engine/Content/Functions/MaterialLayerFunctions/MatLayerBlend_NormalBlend.uasset" 398
"../../../../../Create/Projects/Unreal/MMO/Content/SkeletalMeshes/Char/ParagonGideon/Characters/Global/MaterialLayers/Metal/T_Brushed_Copper_D.uasset" 399
"../../../../../Create/Projects/Unreal/MMO/Content/SkeletalMeshes/Char/ParagonGideon/Characters/Global/MaterialLayers/Metal/T_Brushed_Copper_N.uasset" 400
"../../../../../Create/Projects/Unreal/MMO/Content/SkeletalMeshes/Char/ParagonGideon/Characters/Global/MaterialLayers/Metal/ML_Brushed_Copper2.uasset" 401
"../../../../../Create/Projects/Unreal/MMO/Content/SkeletalMeshes/Char/ParagonGideon/Characters/Global/MaterialLayers/Metal/ML_Brushed_Copper4.uasset" 402
"../../../../../Create/Projects/Unreal/MMO/Content/SkeletalMeshes/Char/ParagonGideon/Characters/Global/MaterialLayers/Metal/T_IronRust_Tile_D.uasset" 403
"../../../../../Create/Projects/Unreal/MMO/Content/SkeletalMeshes/Char/ParagonGideon/Characters/Global/MaterialLayers/Metal/T_IronRust_Tile_N.uasset" 404
"../../../../../Create/Projects/Unreal/MMO/Content/SkeletalMeshes/Char/ParagonGideon/Characters/Global/MaterialLayers/Metal/T_RoughMetal01_N2.uasset" 405
"../../../../../Create/Projects/Unreal/MMO/Content/SkeletalMeshes/Char/ParagonGideon/Characters/Global/MaterialLayers/Metal/ML_Rust02.uasset" 406
"../../../../../Create/Projects/Unreal/MMO/Content/SkeletalMeshes/Char/ParagonGideon/Characters/Global/MaterialLayers/Metal/T_Gideon_Armour_Mask.uasset" 407
"../../../../../Create/Projects/Unreal/MMO/Content/SkeletalMeshes/Char/ParagonGideon/Characters/Global/MaterialLayers/Metal/T_Rough_Metal_N.uasset" 408
"../../../../../Create/Projects/Unreal/MMO/Content/SkeletalMeshes/Char/ParagonGideon/Characters/Global/MaterialLayers/Rock/T_Weathered__Detail001_Mask.uasset" 409
"../../../../../Create/Projects/Unreal/MMO/Content/SkeletalMeshes/Char/ParagonGideon/Characters/Global/MaterialLayers/Metal/ML_Aged_Bronze_2.uasset" 410
"../../../../../Create/Projects/Unreal/MMO/Content/SkeletalMeshes/Char/ParagonGideon/Characters/Heroes/Gideon/Skins/Inquisitor/Textures/T_Inquisitor_Legs_Mask.uasset" 411
"../../../../../Create/Projects/Unreal/MMO/Content/SkeletalMeshes/Char/ParagonGideon/Characters/Heroes/Gideon/Skins/Inquisitor/Textures/T_Inquisitor_Legs_Mask_2_v2.uasset" 412
"../../../../../Create/Projects/Unreal/MMO/Content/SkeletalMeshes/Char/ParagonGideon/Characters/Heroes/Gideon/Skins/Inquisitor/Textures/T_Inquisitor_Legs_RGB.uasset" 413
"../../../../../Create/Projects/Unreal/MMO/Content/SkeletalMeshes/Char/ParagonGideon/Characters/Heroes/Gideon/Skins/Inquisitor/Materials/M_Gideon_Lowerbody_Inquisitor.uasset" 414
"../../../../../Create/Projects/Unreal/MMO/Content/SkeletalMeshes/Char/ParagonGideon/Characters/Heroes/Gideon/Skins/Inquisitor/Textures/T_Gideon_Upperbody_Mask_v2.uasset" 415
"../../../../../Create/Projects/Unreal/MMO/Content/SkeletalMeshes/Char/ParagonGideon/Characters/Heroes/Gideon/Skins/Inquisitor/Textures/T_Inquisitor_upbody_maskID.uasset" 416
"../../../../../Create/Projects/Unreal/MMO/Content/SkeletalMeshes/Char/ParagonGideon/Characters/Heroes/Gideon/Skins/Inquisitor/Textures/T_Inquisitor_Upperbody_RGB.uasset" 417
"../../../../../Create/Projects/Unreal/MMO/Content/SkeletalMeshes/Char/ParagonGideon/Characters/Heroes/Gideon/Skins/Inquisitor/Materials/M_Gideon_Upperbody_Inquisitor.uasset" 418
"../../../../../Create/Projects/Unreal/MMO/Content/SkeletalMeshes/Char/ParagonGideon/Characters/Global/MaterialFunctions/Textures/Noise/T_noise_flamy_Tile.uasset" 419
"../../../../../Create/Projects/Unreal/MMO/Content/SkeletalMeshes/Char/ParagonGideon/Characters/Heroes/Gideon/Skins/Inquisitor/Materials/MF_Gideon_Inquisitor_Emissive.uasset" 420
"../../../../../Create/Projects/Unreal/MMO/Content/SkeletalMeshes/Char/ParagonGideon/Characters/Heroes/Gideon/Skins/Inquisitor/Materials/M_Gideon_Upperbody_skin_Inquisitor.uasset" 421
"../../../../../Create/Projects/Unreal/MMO/Content/SkeletalMeshes/Char/ParagonGideon/Characters/Heroes/Gideon/Skins/Inquisitor/Materials/M_Gideon_Beard.uasset" 422
"../../../../../Create/Projects/Unreal/MMO/Content/SkeletalMeshes/Char/ParagonGideon/Characters/Heroes/Gideon/Skins/Inquisitor/Materials/M_Gideon_OuterRing_Masked_Inquisitor.uasset" 423
"../../../../../Create/Projects/Unreal/MMO/Content/SkeletalMeshes/Char/ParagonGideon/Characters/Global/Eyes/Materials/M_Global_GlowingEye.uasset" 424
"../../../../../Create/Projects/Unreal/MMO/Content/SkeletalMeshes/Char/ParagonGideon/Characters/Heroes/Gideon/Skins/Inquisitor/Materials/MI_InquisitorEye.uasset" 425
"../../../../../Create/Projects/Unreal/MMO/Content/SkeletalMeshes/Char/ParagonGideon/Characters/Heroes/Gideon/Skins/Inquisitor/Meshes/Gideon_Inquisitor.uasset" 426
"../../../../../Create/Projects/Unreal/MMO/Content/Blueprints/Actors/Characters/Profile/BP_CharClass_Element.uasset" 427
"../../../../../Create/Projects/Unreal/MMO/Content/SkeletalMeshes/Char/ParagonGideon/Characters/Heroes/Gideon/Materials/M_Gideon_Head.uasset" 428
"../../../../../Create/Projects/Unreal/MMO/Content/SkeletalMeshes/Char/ParagonGideon/Characters/Global/MaterialLayers/Leather/T_ML_FineLeather01_N.uasset" 429
"../../../../../Create/Projects/Unreal/MMO/Content/SkeletalMeshes/Char/ParagonGideon/Characters/Global/MaterialLayers/Leather/T_ML_FineLeather01.uasset" 430
"../../../../../Create/Projects/Unreal/MMO/Content/SkeletalMeshes/Char/ParagonGideon/Characters/Global/MaterialLayers/Leather/ML_ThinLeather01.uasset" 431
"../../../../../Create/Projects/Unreal/MMO/Content/SkeletalMeshes/Char/ParagonGideon/Characters/Global/MaterialLayers/Metal/T_Rust01_N.uasset" 432
"../../../../../Create/Projects/Unreal/MMO/Content/SkeletalMeshes/Char/ParagonGideon/Characters/Global/MaterialLayers/Leather/T_T_Worn_Under_Leather.uasset" 433
"../../../../../Create/Projects/Unreal/MMO/Content/SkeletalMeshes/Char/ParagonGideon/Characters/Global/MaterialLayers/Leather/ML_Worn_Under_Leather.uasset" 434
"../../../../../Create/Projects/Unreal/MMO/Content/SkeletalMeshes/Char/ParagonGideon/Characters/Heroes/Gideon/Materials/M_Gideon_Upperbody.uasset" 435
"../../../../../Create/Projects/Unreal/MMO/Content/SkeletalMeshes/Char/ParagonGideon/Characters/Heroes/Gideon/Materials/M_Gideon_Upperbody_Skin.uasset" 436
"../../../../../Create/Projects/Unreal/MMO/Content/SkeletalMeshes/Char/ParagonGideon/Characters/Heroes/Gideon/Textures/T_Gideon_Legs_Mask.uasset" 437
"../../../../../Create/Projects/Unreal/MMO/Content/SkeletalMeshes/Char/ParagonGideon/Characters/Heroes/Gideon/Textures/T_Gideon_Legs_Mask_2.uasset" 438
"../../../../../Create/Projects/Unreal/MMO/Content/SkeletalMeshes/Char/ParagonGideon/Characters/Heroes/Gideon/Materials/M_Gideon_LowerBody.uasset" 439
"../../../../../Create/Projects/Unreal/MMO/Content/SkeletalMeshes/Char/ParagonGideon/Characters/Heroes/Gideon/Materials/M_Gideon_OuterRing_Masked.uasset" 440
"../../../../../Create/Projects/Unreal/MMO/Content/SkeletalMeshes/Char/ParagonGideon/Characters/Heroes/Gideon/Meshes/Gideon.uasset" 441
"../../../../../Create/Projects/Unreal/MMO/Content/Blueprints/Actors/Characters/Profile/BP_CharClass_Human.uasset" 442
"../../../Engine/Content/Functions/Engine_MaterialFunctions02/Utility/DebugTimeSine.uasset" 443
"../../../../../Create/Projects/Unreal/MMO/Content/SkeletalMeshes/Char/ParagonGideon/Characters/Heroes/Gideon/Skins/Undertow/Textures/T_Gideon_Barnacle_Tongue_Demo_D.uasset" 444
"../../../../../Create/Projects/Unreal/MMO/Content/SkeletalMeshes/Char/ParagonGideon/Characters/Heroes/Gideon/Skins/Undertow/Textures/T_Gideon_Barnacle_Tongue_Demo_N.uasset" 445
"../../../../../Create/Projects/Unreal/MMO/Content/SkeletalMeshes/Char/ParagonGideon/Characters/Heroes/Gideon/Skins/Undertow/Textures/T_Gideon_Barnacle_Tongue_Demo_Opacity.uasset" 446
"../../../../../Create/Projects/Unreal/MMO/Content/SkeletalMeshes/Char/ParagonGideon/Characters/Heroes/Gideon/Textures/T_Grime_mask.uasset" 447
"../../../../../Create/Projects/Unreal/MMO/Content/SkeletalMeshes/Char/ParagonGideon/Characters/Heroes/Gideon/Skins/Undertow/Materials/M_Undertow_Barnacle_Tongue_Dem.uasset" 448
"../../../../../Create/Projects/Unreal/MMO/Content/SkeletalMeshes/Char/ParagonGideon/Characters/Global/MaterialLayers/Fabric/T_Velvet_Thick_N.uasset" 449
"../../../../../Create/Projects/Unreal/MMO/Content/SkeletalMeshes/Char/ParagonGideon/Characters/Global/MaterialLayers/Fabric/T_Velvet_Thick_MASKS.uasset" 450
"../../../../../Create/Projects/Unreal/MMO/Content/SkeletalMeshes/Char/ParagonGideon/Characters/Global/MaterialLayers/Fabric/ML_Velvet_Thick.uasset" 451
"../../../Engine/Content/EngineMaterials/FlatNormal.uasset" 452
"../../../../../Create/Projects/Unreal/MMO/Content/SkeletalMeshes/Char/ParagonGideon/Characters/Global/MaterialFunctions/MF_ClothShading.uasset" 453
"../../../../../Create/Projects/Unreal/MMO/Content/SkeletalMeshes/Char/ParagonGideon/Characters/Global/MaterialLayers/Fabric/T_Whool01_D.uasset" 454
"../../../../../Create/Projects/Unreal/MMO/Content/SkeletalMeshes/Char/ParagonGideon/Characters/Global/MaterialLayers/Fabric/T_Whool01_N.uasset" 455
"../../../../../Create/Projects/Unreal/MMO/Content/SkeletalMeshes/Char/ParagonGideon/Characters/Global/MaterialLayers/Fabric/ML_Whool01.uasset" 456
"../../../../../Create/Projects/Unreal/MMO/Content/SkeletalMeshes/Char/ParagonGideon/Characters/Global/MaterialLayers/Metal/T_Metal_Patina_N.uasset" 457
"../../../../../Create/Projects/Unreal/MMO/Content/SkeletalMeshes/Char/ParagonGideon/Characters/Global/MaterialLayers/Skin/T_TilingBone.uasset" 458
"../../../../../Create/Projects/Unreal/MMO/Content/SkeletalMeshes/Char/ParagonGideon/Characters/Global/MaterialLayers/Skin/ML_LowContrastBone.uasset" 459
"../../../../../Create/Projects/Unreal/MMO/Content/SkeletalMeshes/Char/ParagonGideon/Characters/Heroes/Gideon/Skins/Undertow/Materials/Layers/MF_Undertow_Bone.uasset" 460
"../../../../../Create/Projects/Unreal/MMO/Content/SkeletalMeshes/Char/ParagonGideon/Characters/Heroes/Gideon/Skins/Undertow/Materials/Layers/MF_Undertow_Cloth.uasset" 461
"../../../Engine/Content/Functions/Engine_MaterialFunctions02/Texturing/CustomRotator.uasset" 462
"../../../../../Create/Projects/Unreal/MMO/Content/SkeletalMeshes/Char/ParagonGideon/Characters/Global/MaterialLayers/Wood/T_DistressedWood.uasset" 463
"../../../../../Create/Projects/Unreal/MMO/Content/SkeletalMeshes/Char/ParagonGideon/Characters/Global/MaterialLayers/Wood/T_DistressedWood_N.uasset" 464
"../../../../../Create/Projects/Unreal/MMO/Content/SkeletalMeshes/Char/ParagonGideon/Characters/Heroes/Gideon/Skins/Undertow/Materials/woodUndersea.uasset" 465
"../../../../../Create/Projects/Unreal/MMO/Content/SkeletalMeshes/Char/ParagonGideon/Characters/Heroes/Gideon/Skins/Undertow/Textures/T_Gideon_Body_Demo_N.uasset" 466
"../../../../../Create/Projects/Unreal/MMO/Content/SkeletalMeshes/Char/ParagonGideon/Characters/Heroes/Gideon/Skins/Undertow/Textures/T_Gideon_Body_Demo_Opacity.uasset" 467
"../../../../../Create/Projects/Unreal/MMO/Content/SkeletalMeshes/Char/ParagonGideon/Characters/Heroes/Gideon/Skins/Undertow/Textures/T_Undertow_Body_Mask1.uasset" 468
"../../../../../Create/Projects/Unreal/MMO/Content/SkeletalMeshes/Char/ParagonGideon/Characters/Heroes/Gideon/Skins/Undertow/Textures/T_Undertow_Body_Mask2.uasset" 469
"../../../../../Create/Projects/Unreal/MMO/Content/SkeletalMeshes/Char/ParagonGideon/Characters/Heroes/Gideon/Skins/Undertow/Textures/T_Undertow_Body_RGB.uasset" 470
"../../../../../Create/Projects/Unreal/MMO/Content/SkeletalMeshes/Char/ParagonGideon/Characters/Heroes/Gideon/Skins/Undertow/Materials/M_Undertow_Body_Demo.uasset" 471
"../../../Engine/Content/Functions/MaterialLayerFunctions/MatLayerBlend_ModulateRoughness.uasset" 472
"../../../../../Create/Projects/Unreal/MMO/Content/SkeletalMeshes/Char/ParagonGideon/Characters/Global/MaterialLayers/Fabric/T_ML_Fabric_Shiny_Gray.uasset" 473
"../../../../../Create/Projects/Unreal/MMO/Content/SkeletalMeshes/Char/ParagonGideon/Characters/Heroes/Gideon/Textures/T_G.uasset" 474
"../../../../../Create/Projects/Unreal/MMO/Content/SkeletalMeshes/Char/ParagonGideon/Characters/Heroes/Gideon/Textures/T_Gideon_Undertow_Head_Arm_Demo_D.uasset" 475
"../../../../../Create/Projects/Unreal/MMO/Content/SkeletalMeshes/Char/ParagonGideon/Characters/Heroes/Gideon/Skins/Undertow/Materials/ML_Fabric_Wet_Op.uasset" 476
"../../../Engine/Content/EngineMaterials/BlendFunc_DefBase.uasset" 477
"../../../Engine/Content/EngineMaterials/BlendFunc_DefBlend.uasset" 478
"../../../Engine/Content/Functions/Engine_MaterialFunctions03/Blends/Blend_Overlay.uasset" 479
"../../../../../Create/Projects/Unreal/MMO/Content/SkeletalMeshes/Char/ParagonGideon/Characters/Heroes/Gideon/Skins/Undertow/Textures/T_Undertow_Head_RGB.uasset" 480
"../../../../../Create/Projects/Unreal/MMO/Content/SkeletalMeshes/Char/ParagonGideon/Characters/Heroes/Gideon/Skins/Undertow/Materials/UndertowBone_OP.uasset" 481
"../../../../../Create/Projects/Unreal/MMO/Content/SkeletalMeshes/Char/ParagonGideon/Characters/Heroes/Gideon/Skins/Undertow/Textures/T_Gideon_Head_Arm_Demo_N.uasset" 482
"../../../../../Create/Projects/Unreal/MMO/Content/SkeletalMeshes/Char/ParagonGideon/Characters/Heroes/Gideon/Skins/Undertow/Textures/T_Undertow_Head_Mask1.uasset" 483
"../../../../../Create/Projects/Unreal/MMO/Content/SkeletalMeshes/Char/ParagonGideon/Characters/Heroes/Gideon/Skins/Undertow/Textures/T_Undertow_Head_Mask2.uasset" 484
"../../../../../Create/Projects/Unreal/MMO/Content/SkeletalMeshes/Char/ParagonGideon/Characters/Heroes/Gideon/Skins/Undertow/Materials/M_Undertow_Head_Arms_Demo.uasset" 485
"../../../../../Create/Projects/Unreal/MMO/Content/SkeletalMeshes/Char/ParagonGideon/Characters/Heroes/Gideon/Skins/Undertow/Textures/T_Gideon_Legs_Demo_N.uasset" 486
"../../../../../Create/Projects/Unreal/MMO/Content/SkeletalMeshes/Char/ParagonGideon/Characters/Heroes/Gideon/Skins/Undertow/Textures/T_Gideon_Legs_Demo_Opacity.uasset" 487
"../../../../../Create/Projects/Unreal/MMO/Content/SkeletalMeshes/Char/ParagonGideon/Characters/Heroes/Gideon/Skins/Undertow/Textures/T_Undertow_Legs_Mask1.uasset" 488
"../../../../../Create/Projects/Unreal/MMO/Content/SkeletalMeshes/Char/ParagonGideon/Characters/Heroes/Gideon/Skins/Undertow/Textures/T_Undertow_Legs_Mask2.uasset" 489
"../../../../../Create/Projects/Unreal/MMO/Content/SkeletalMeshes/Char/ParagonGideon/Characters/Heroes/Gideon/Skins/Undertow/Textures/T_Undertow_Legs_RGB.uasset" 490
"../../../../../Create/Projects/Unreal/MMO/Content/SkeletalMeshes/Char/ParagonGideon/Characters/Heroes/Gideon/Textures/T_leather.uasset" 491
"../../../../../Create/Projects/Unreal/MMO/Content/SkeletalMeshes/Char/ParagonGideon/Characters/Heroes/Gideon/Textures/T_metal.uasset" 492
"../../../../../Create/Projects/Unreal/MMO/Content/SkeletalMeshes/Char/ParagonGideon/Characters/Heroes/Gideon/Textures/T_metalC.uasset" 493
"../../../../../Create/Projects/Unreal/MMO/Content/SkeletalMeshes/Char/ParagonGideon/Characters/Heroes/Gideon/Textures/T_wood.uasset" 494
"../../../../../Create/Projects/Unreal/MMO/Content/SkeletalMeshes/Char/ParagonGideon/Characters/Heroes/Gideon/Skins/Undertow/Materials/M_Undertow_Legs_Demo.uasset" 495
"../../../Engine/Content/Functions/MaterialLayerFunctions/MatLayerBlend_OverrideOpacityMask.uasset" 496
"../../../../../Create/Projects/Unreal/MMO/Content/SkeletalMeshes/Char/ParagonGideon/Characters/Global/MaterialLayers/Metal/ML_WarmGold.uasset" 497
"../../../../../Create/Projects/Unreal/MMO/Content/SkeletalMeshes/Char/ParagonGideon/Characters/Global/MaterialLayers/Skin/T_TilingBone_HighContrast.uasset" 498
"../../../../../Create/Projects/Unreal/MMO/Content/SkeletalMeshes/Char/ParagonGideon/Characters/Global/MaterialLayers/Skin/ML_HighContrastBone.uasset" 499
"../../../../../Create/Projects/Unreal/MMO/Content/SkeletalMeshes/Char/ParagonGideon/Characters/Global/MaterialLayers/Wood/T_Wood01_D.uasset" 500
"../../../../../Create/Projects/Unreal/MMO/Content/SkeletalMeshes/Char/ParagonGideon/Characters/Global/MaterialLayers/Wood/ML_Wood01.uasset" 501
"../../../../../Create/Projects/Unreal/MMO/Content/SkeletalMeshes/Char/ParagonGideon/Characters/Heroes/Gideon/Materials/MF_Gideon_RingDissolve_Skins.uasset" 502
"../../../../../Create/Projects/Unreal/MMO/Content/SkeletalMeshes/Char/ParagonGideon/Characters/Heroes/Gideon/Skins/Undertow/Textures/T_Gideon_Wheel_Demo_N.uasset" 503
"../../../../../Create/Projects/Unreal/MMO/Content/SkeletalMeshes/Char/ParagonGideon/Characters/Heroes/Gideon/Skins/Undertow/Textures/T_Undertow_Wheel_Mask.uasset" 504
"../../../../../Create/Projects/Unreal/MMO/Content/SkeletalMeshes/Char/ParagonGideon/Characters/Heroes/Gideon/Skins/Undertow/Textures/T_Undertow_Wheel_RGB.uasset" 505
"../../../../../Create/Projects/Unreal/MMO/Content/SkeletalMeshes/Char/ParagonGideon/Characters/Heroes/Gideon/Skins/Undertow/Materials/M_Undertow_Wheel_Demo.uasset" 506
"../../../../../Create/Projects/Unreal/MMO/Content/SkeletalMeshes/Char/ParagonGideon/Characters/Global/MaterialFunctions/T_ThinFilm_Spectrum_COLOR.uasset" 507
"../../../../../Create/Projects/Unreal/MMO/Content/SkeletalMeshes/Char/ParagonGideon/Characters/Global/MaterialFunctions/MF_ThinFilm_Frensel.uasset" 508
"../../../../../Create/Projects/Unreal/MMO/Content/SkeletalMeshes/Char/ParagonGideon/Characters/Global/Feathers/T_Feather_Global_Masks.uasset" 509
"../../../../../Create/Projects/Unreal/MMO/Content/SkeletalMeshes/Char/ParagonGideon/Characters/Global/Feathers/T_Feather_Global_N.uasset" 510
"../../../../../Create/Projects/Unreal/MMO/Content/SkeletalMeshes/Char/ParagonGideon/Characters/Global/Feathers/T_Feather_Global_O.uasset" 511
"../../../../../Create/Projects/Unreal/MMO/Content/SkeletalMeshes/Char/ParagonGideon/Characters/Global/Feathers/T_Global_Feathers_Flow.uasset" 512
"../../../../../Create/Projects/Unreal/MMO/Content/SkeletalMeshes/Char/ParagonGideon/Characters/Global/Feathers/T_Hawk_Feathers_Color.uasset" 513
"../../../../../Create/Projects/Unreal/MMO/Content/SkeletalMeshes/Char/ParagonGideon/Characters/Global/Feathers/M_Global_Feathers.uasset" 514
"../../../../../Create/Projects/Unreal/MMO/Content/SkeletalMeshes/Char/ParagonGideon/Characters/Global/Feathers/MI_Global_Feathers_Hawk.uasset" 515
"../../../../../Create/Projects/Unreal/MMO/Content/SkeletalMeshes/Char/ParagonGideon/Characters/Heroes/Gideon/Skins/Undertow/Materials/MIC_UnderTow_Wheel_Spokes.uasset" 516
"../../../../../Create/Projects/Unreal/MMO/Content/SkeletalMeshes/Char/ParagonGideon/Characters/Heroes/Gideon/Skins/Undertow/Meshes/Gideon_Undertow.uasset" 517
"../../../../../Create/Projects/Unreal/MMO/Content/Blueprints/Actors/Characters/Profile/BP_CharClass_Undead.uasset" 518
"../../../../../Create/Projects/Unreal/MMO/Content/Data/F_ClassData.uasset" 519
"../../../../../Create/Projects/Unreal/MMO/Content/Data/DT_Char_Classes.uasset" 520
"../../../../../Create/Projects/Unreal/MMO/Content/UI/WB_ClassesData.uasset" 521
"../../../../../Create/Projects/Unreal/MMO/Content/UI/WB_HUD_Profiles.uasset" 522
"../../../../../Create/Projects/Unreal/MMO/Content/Blueprints/Gameplay/Ctrl_Profile.uasset" 523
"../../../../../Create/Projects/Unreal/MMO/Content/Blueprints/Gameplay/GM_Profile.uasset" 524
"../../../../../Create/Projects/Unreal/MMO/Content/Maps/ProfileCreation_BuiltData.uasset" 525
"../../../Engine/Content/BasicShapes/BasicShapeMaterial.uasset" 526
"../../../Engine/Content/BasicShapes/Plane.uasset" 527
"../../../../../Create/Projects/Unreal/MMO/Content/Maps/ProfileCreation.umap" 528
"../../../Engine/Content/EngineSky/C_Sky_Cloud_Color.uasset" 529
"../../../Engine/Content/EngineSky/C_Sky_Horizon_Color.uasset" 530
"../../../Engine/Content/EngineSky/C_Sky_Zenith_Color.uasset" 531
"../../../Engine/Content/EngineSky/T_Sky_Blue.uasset" 532
"../../../Engine/Content/EngineSky/T_Sky_Clouds_M.uasset" 533
"../../../Engine/Content/EngineSky/T_Sky_Stars.uasset" 534
"../../../Engine/Content/EngineSky/M_Sky_Panning_Clouds2.uasset" 535
"../../../Engine/Content/EngineSky/SM_SkySphere.uasset" 536
"../../../Engine/Content/EngineSky/BP_Sky_Sphere.uasset" 537
"../../../../../Create/Projects/Unreal/MMO/Content/SkeletalMeshes/Char/ParagonGideon/Characters/Heroes/Gideon/Animations/Jog_Fwd.uasset" 538
"../../../../../Create/Projects/Unreal/MMO/Content/SkeletalMeshes/Char/ParagonGideon/Characters/Heroes/Gideon/Animations/Run_Fwd.uasset" 539
"../../../../../Create/Projects/Unreal/MMO/Content/SkeletalMeshes/Char/ParagonGideon/Characters/BS_IdelWalkRun_Gideon.uasset" 540
"../../../../../Create/Projects/Unreal/MMO/Content/SkeletalMeshes/Char/ParagonGideon/Characters/ABP_Gideon.uasset" 541
"../../../../../Create/Projects/Unreal/MMO/Content/Blueprints/Actors/Characters/BP_CharGame.uasset" 542
"../../../../../Create/Projects/Unreal/MMO/Content/Blueprints/Gameplay/Ctrl_Game.uasset" 543
"../../../../../Create/Projects/Unreal/MMO/Content/Blueprints/Gameplay/GM_Game.uasset" 544
"../../../Engine/Content/EngineMaterials/DefaultPhysicalMaterial.uasset" 545
"../../../../../Create/Projects/Unreal/MMO/Content/Maps/Test.umap" 546
"../../../Engine/Content/Maps/Entry_BuiltData.uasset" 547
"../../../Engine/Content/Maps/Entry.umap" 548
