"../../../Engine/Content/Animation/DefaultAnimBoneCompressionSettings.uasset" 0
"../../../../../Create/Projects/Unreal/MMO/Content/SkeletalMeshes/Mannequin/UE4_Mannequin_Skeleton.uasset" 1
"../../../../../Create/Projects/Unreal/MMO/Content/SkeletalMeshes/Mannequin/Animations/ThirdPersonIdle.uasset" 2
"../../../../../Create/Projects/Unreal/MMO/Content/SkeletalMeshes/Mannequin/Animations/ThirdPersonRun.uasset" 3
"../../../../../Create/Projects/Unreal/MMO/Content/SkeletalMeshes/Mannequin/Animations/ThirdPersonWalk.uasset" 4
"../../../../../Create/Projects/Unreal/MMO/Content/SkeletalMeshes/ProtoCharacters/ABP/BS_IdleWalkRun.uasset" 5
"../../../../../Create/Projects/Unreal/MMO/Content/SkeletalMeshes/Mannequin/Animations/Swordsman/Combat/A_SW_Idle_Combat.uasset" 6
"../../../../../Create/Projects/Unreal/MMO/Content/SkeletalMeshes/Mannequin/Animations/Swordsman/Movement/A_SW_Run.uasset" 7
"../../../../../Create/Projects/Unreal/MMO/Content/SkeletalMeshes/Mannequin/Animations/Swordsman/Movement/A_SW_Walk_F.uasset" 8
"../../../../../Create/Projects/Unreal/MMO/Content/SkeletalMeshes/ProtoCharacters/ABP/BS_LocoWeapon.uasset" 9
"../../../../../Create/Projects/Unreal/MMO/Content/Data/E_Attacks.uasset" 10
"../../../../../Create/Projects/Unreal/MMO/Content/Blueprints/Interfaces/BPI_AnimationGame.uasset" 11
"../../../../../Create/Projects/Unreal/MMO/Content/SkeletalMeshes/ProtoCharacters/ABP/ABP_Game.uasset" 12
"../../../../../Create/Projects/Unreal/MMO/Content/SkeletalMeshes/Mannequin/Animations/Swordsman/Attack/A_SW_Attack_01.uasset" 13
"../../../../../Create/Projects/Unreal/MMO/Content/SkeletalMeshes/Mannequin/Animations/Swordsman/Attack/A_SW_Attack_02.uasset" 14
"../../../../../Create/Projects/Unreal/MMO/Content/SkeletalMeshes/Mannequin/Animations/Swordsman/Attack/A_SW_Attack_03.uasset" 15
"../../../../../Create/Projects/Unreal/MMO/Content/SkeletalMeshes/Mannequin/Animations/Swordsman/Attack/A_SW_Attack_04.uasset" 16
"../../../../../Create/Projects/Unreal/MMO/Content/SkeletalMeshes/ProtoCharacters/ABP/AM_Attack.uasset" 17
"../../../../../Create/Projects/Unreal/MMO/Content/SkeletalMeshes/Mannequin/Animations/Swordsman/Roll/A_SW_Roll_Backward.uasset" 18
"../../../../../Create/Projects/Unreal/MMO/Content/SkeletalMeshes/Mannequin/Animations/Swordsman/Roll/A_SW_Roll_Forward.uasset" 19
"../../../../../Create/Projects/Unreal/MMO/Content/SkeletalMeshes/Mannequin/Animations/Swordsman/Roll/A_SW_Roll_ForwardLeft.uasset" 20
"../../../../../Create/Projects/Unreal/MMO/Content/SkeletalMeshes/Mannequin/Animations/Swordsman/Roll/A_SW_Roll_ForwardRight.uasset" 21
"../../../../../Create/Projects/Unreal/MMO/Content/SkeletalMeshes/ProtoCharacters/ABP/AM_Rolls.uasset" 22
"../../../../../Create/Projects/Unreal/MMO/Content/SkeletalMeshes/Mannequin/Animations/Death_1.uasset" 23
"../../../Engine/Content/EditorBlueprintResources/StandardMacros.uasset" 24
"../../../../../Create/Projects/Unreal/MMO/Content/SkeletalMeshes/BladeWeapons/Blade_BlackKnight/T_Blade_BlackKnight_Sword1_D.uasset" 25
"../../../../../Create/Projects/Unreal/MMO/Content/SkeletalMeshes/BladeWeapons/Blade_BlackKnight/T_Blade_BlackKnight_Sword1_M.uasset" 26
"../../../../../Create/Projects/Unreal/MMO/Content/SkeletalMeshes/BladeWeapons/Blade_BlackKnight/T_Blade_BlackKnight_Sword1_N.uasset" 27
"../../../../../Create/Projects/Unreal/MMO/Content/SkeletalMeshes/BladeWeapons/Blade_BlackKnight/T_Blade_BlackKnight_Sword2_D.uasset" 28
"../../../../../Create/Projects/Unreal/MMO/Content/SkeletalMeshes/BladeWeapons/Blade_BlackKnight/T_Blade_BlackKnight_Sword2_M.uasset" 29
"../../../../../Create/Projects/Unreal/MMO/Content/SkeletalMeshes/BladeWeapons/Blade_BlackKnight/T_Blade_BlackKnight_Sword2_N.uasset" 30
"../../../../../Create/Projects/Unreal/MMO/Content/SkeletalMeshes/BladeWeapons/Blade_BlackKnight/M_Blade_BlackKnight.uasset" 31
"../../../../../Create/Projects/Unreal/MMO/Content/SkeletalMeshes/BladeWeapons/Blade_BlackKnight/SK_Blade_BlackKnight_Skeleton.uasset" 32
"../../../../../Create/Projects/Unreal/MMO/Content/SkeletalMeshes/BladeWeapons/Blade_BlackKnight/SK_Blade_BlackKnight.uasset" 33
"../../../../../Create/Projects/Unreal/MMO/Content/Blueprints/Actors/Weapons/WB_Weapon.uasset" 34
"../../../Engine/Content/EditorBlueprintResources/ActorMacros.uasset" 35
"../../../../../Create/Projects/Unreal/MMO/Content/Data/E_Classes.uasset" 36
"../../../../../Create/Projects/Unreal/MMO/Content/Data/E_Factions.uasset" 37
"../../../../../Create/Projects/Unreal/MMO/Content/Data/F_PlayerCharData.uasset" 38
"../../../../../Create/Projects/Unreal/MMO/Content/Blueprints/Gameplay/SaveGame_MMO.uasset" 39
"../../../../../Create/Projects/Unreal/MMO/Content/Blueprints/Gameplay/GameInstance_MMO.uasset" 40
"../../../../../Create/Projects/Unreal/MMO/Content/SkeletalMeshes/ProtoCharacters/Textures/ProtoMaleColors_Masks.uasset" 41
"../../../../../Create/Projects/Unreal/MMO/Content/SkeletalMeshes/ProtoCharacters/Textures/T_PrototypeMale_D.uasset" 42
"../../../../../Create/Projects/Unreal/MMO/Content/SkeletalMeshes/ProtoCharacters/Textures/T_PrototypeMale_M.uasset" 43
"../../../../../Create/Projects/Unreal/MMO/Content/SkeletalMeshes/ProtoCharacters/Textures/T_PrototypeMale_N.uasset" 44
"../../../../../Create/Projects/Unreal/MMO/Content/SkeletalMeshes/ProtoCharacters/Materials/M_CharacterMaster.uasset" 45
"../../../../../Create/Projects/Unreal/MMO/Content/SkeletalMeshes/ProtoCharacters/Textures/ProtoFemaleColors_Masks.uasset" 46
"../../../../../Create/Projects/Unreal/MMO/Content/SkeletalMeshes/ProtoCharacters/Textures/T_PrototypeFemale_D.uasset" 47
"../../../../../Create/Projects/Unreal/MMO/Content/SkeletalMeshes/ProtoCharacters/Textures/T_PrototypeFemale_M.uasset" 48
"../../../../../Create/Projects/Unreal/MMO/Content/SkeletalMeshes/ProtoCharacters/Textures/T_PrototypeFemale_N.uasset" 49
"../../../../../Create/Projects/Unreal/MMO/Content/SkeletalMeshes/ProtoCharacters/Materials/MI_PrototypeFemale_Beast.uasset" 50
"../../../../../Create/Projects/Unreal/MMO/Content/SkeletalMeshes/ProtoCharacters/SK_PrototypeF_PhysicsAsset.uasset" 51
"../../../../../Create/Projects/Unreal/MMO/Content/SkeletalMeshes/ProtoCharacters/Classes/SK_PrototypeF_Beast.uasset" 52
"../../../../../Create/Projects/Unreal/MMO/Content/SkeletalMeshes/ProtoCharacters/Materials/MI_PrototypeMale_Beast.uasset" 53
"../../../../../Create/Projects/Unreal/MMO/Content/SkeletalMeshes/ProtoCharacters/SK_PrototypeM_PhysicsAsset.uasset" 54
"../../../../../Create/Projects/Unreal/MMO/Content/SkeletalMeshes/ProtoCharacters/Classes/SK_PrototypeM_Beast.uasset" 55
"../../../../../Create/Projects/Unreal/MMO/Content/Blueprints/Actors/Characters/Classes/BP_CharClass_Beast.uasset" 56
"../../../../../Create/Projects/Unreal/MMO/Content/SkeletalMeshes/ProtoCharacters/Materials/MI_PrototypeFemale_Daemon.uasset" 57
"../../../../../Create/Projects/Unreal/MMO/Content/SkeletalMeshes/ProtoCharacters/Classes/SK_PrototypeF_Daemon.uasset" 58
"../../../../../Create/Projects/Unreal/MMO/Content/SkeletalMeshes/ProtoCharacters/Materials/MI_PrototypeMale_Daemon.uasset" 59
"../../../../../Create/Projects/Unreal/MMO/Content/SkeletalMeshes/ProtoCharacters/Classes/SK_PrototypeM_Daemon.uasset" 60
"../../../../../Create/Projects/Unreal/MMO/Content/Blueprints/Actors/Characters/Classes/BP_CharClass_Demon.uasset" 61
"../../../../../Create/Projects/Unreal/MMO/Content/SkeletalMeshes/ProtoCharacters/Materials/MI_PrototypeFemale_Elemental.uasset" 62
"../../../../../Create/Projects/Unreal/MMO/Content/SkeletalMeshes/ProtoCharacters/Classes/SK_PrototypeF_Elemental.uasset" 63
"../../../../../Create/Projects/Unreal/MMO/Content/SkeletalMeshes/ProtoCharacters/Materials/MI_PrototypeMale_Elemental.uasset" 64
"../../../../../Create/Projects/Unreal/MMO/Content/SkeletalMeshes/ProtoCharacters/Classes/SK_PrototypeM_Elemental.uasset" 65
"../../../../../Create/Projects/Unreal/MMO/Content/Blueprints/Actors/Characters/Classes/BP_CharClass_Element.uasset" 66
"../../../../../Create/Projects/Unreal/MMO/Content/SkeletalMeshes/ProtoCharacters/Materials/MI_PrototypeFemale_Human.uasset" 67
"../../../../../Create/Projects/Unreal/MMO/Content/SkeletalMeshes/ProtoCharacters/Classes/SK_PrototypeF_Human.uasset" 68
"../../../../../Create/Projects/Unreal/MMO/Content/SkeletalMeshes/ProtoCharacters/Materials/MI_PrototypeMale_Human.uasset" 69
"../../../../../Create/Projects/Unreal/MMO/Content/SkeletalMeshes/ProtoCharacters/Classes/SK_PrototypeM_Human.uasset" 70
"../../../../../Create/Projects/Unreal/MMO/Content/Blueprints/Actors/Characters/Classes/BP_CharClass_Human.uasset" 71
"../../../../../Create/Projects/Unreal/MMO/Content/SkeletalMeshes/ProtoCharacters/Materials/MI_PrototypeFemale_Undead.uasset" 72
"../../../../../Create/Projects/Unreal/MMO/Content/SkeletalMeshes/ProtoCharacters/Classes/SK_PrototypeF_Undead.uasset" 73
"../../../../../Create/Projects/Unreal/MMO/Content/SkeletalMeshes/ProtoCharacters/Materials/MI_PrototypeMale_Undead.uasset" 74
"../../../../../Create/Projects/Unreal/MMO/Content/SkeletalMeshes/ProtoCharacters/Classes/SK_PrototypeM_Undead.uasset" 75
"../../../../../Create/Projects/Unreal/MMO/Content/Blueprints/Actors/Characters/Classes/BP_CharClass_Undead.uasset" 76
"../../../../../Create/Projects/Unreal/MMO/Content/Blueprints/Gameplay/GM_Game.uasset" 77
"../../../../../Create/Projects/Unreal/MMO/Content/Blueprints/Interfaces/BPI_SettingsMenu.uasset" 78
"../../../../../Create/Projects/Unreal/MMO/Content/UI/HUD_Buttons.uasset" 79
"../../../../../Create/Projects/Unreal/MMO/Content/SkeletalMeshes/ProtoCharacters/Textures/Button_Green.uasset" 80
"../../../../../Create/Projects/Unreal/MMO/Content/UI/WB_HUD_Combat.uasset" 81
"../../../../../Create/Projects/Unreal/MMO/Content/UI/HUD_Game.uasset" 82
"../../../../../Create/Projects/Unreal/MMO/Content/UI/Settings/WB_ServerIP.uasset" 83
"../../../../../Create/Projects/Unreal/MMO/Content/UI/Settings/WB_Setting.uasset" 84
"../../../../../Create/Projects/Unreal/MMO/Content/Blueprints/Gameplay/Ctrl_Game.uasset" 85
"../../../../../Create/Projects/Unreal/MMO/Content/SkeletalMeshes/ProtoCharacters/Materials/MI_PrototypeFemale.uasset" 86
"../../../../../Create/Projects/Unreal/MMO/Content/SkeletalMeshes/ProtoCharacters/SK_PrototypeF.uasset" 87
"../../../../../Create/Projects/Unreal/MMO/Content/SkeletalMeshes/ProtoCharacters/Materials/MI_PrototypeMale.uasset" 88
"../../../../../Create/Projects/Unreal/MMO/Content/SkeletalMeshes/ProtoCharacters/SK_PrototypeM.uasset" 89
"../../../../../Create/Projects/Unreal/MMO/Content/Blueprints/Actors/Characters/Classes/BP_CharGame.uasset" 90
"../../../../../Create/Projects/Unreal/MMO/Content/Blueprints/Actors/BP_PickUp.uasset" 91
"../../../../../Create/Projects/Unreal/MMO/Content/Blueprints/Actors/NPC/NPC.uasset" 92
"../../../../../Create/Projects/Unreal/MMO/Content/Blueprints/Gameplay/AI_Enemy.uasset" 93
"../../../../../Create/Projects/Unreal/MMO/Content/SkeletalMeshes/BladeWeapons/Blade_BlackWyrmBlade/T_Blade_BlackWyrmBlade1_D.uasset" 94
"../../../../../Create/Projects/Unreal/MMO/Content/SkeletalMeshes/BladeWeapons/Blade_BlackWyrmBlade/T_Blade_BlackWyrmBlade1_N.uasset" 95
"../../../../../Create/Projects/Unreal/MMO/Content/SkeletalMeshes/BladeWeapons/Blade_BlackWyrmBlade/T_Blade_BlackWyrmBlade2_D.uasset" 96
"../../../../../Create/Projects/Unreal/MMO/Content/SkeletalMeshes/BladeWeapons/Blade_BlackWyrmBlade/T_Blade_BlackWyrmBlade2_N.uasset" 97
"../../../../../Create/Projects/Unreal/MMO/Content/SkeletalMeshes/BladeWeapons/Blade_BlackWyrmBlade/M_Blade_BlackWyrmBlade.uasset" 98
"../../../../../Create/Projects/Unreal/MMO/Content/SkeletalMeshes/BladeWeapons/Blade_BlackWyrmBlade/SK_Blade_BlackWyrmBlade_Skeleton.uasset" 99
"../../../../../Create/Projects/Unreal/MMO/Content/SkeletalMeshes/BladeWeapons/Blade_BlackWyrmBlade/SK_Blade_BlackWyrmBlade.uasset" 100
"../../../../../Create/Projects/Unreal/MMO/Content/SkeletalMeshes/BladeWeapons/Blade_Fencer/T_Blade_Fencer1_D.uasset" 101
"../../../../../Create/Projects/Unreal/MMO/Content/SkeletalMeshes/BladeWeapons/Blade_Fencer/T_Blade_Fencer1_M.uasset" 102
"../../../../../Create/Projects/Unreal/MMO/Content/SkeletalMeshes/BladeWeapons/Blade_Fencer/T_Blade_Fencer1_N.uasset" 103
"../../../../../Create/Projects/Unreal/MMO/Content/SkeletalMeshes/BladeWeapons/Blade_Fencer/T_Blade_Fencer2_D.uasset" 104
"../../../../../Create/Projects/Unreal/MMO/Content/SkeletalMeshes/BladeWeapons/Blade_Fencer/T_Blade_Fencer2_M.uasset" 105
"../../../../../Create/Projects/Unreal/MMO/Content/SkeletalMeshes/BladeWeapons/Blade_Fencer/T_Blade_Fencer2_N.uasset" 106
"../../../../../Create/Projects/Unreal/MMO/Content/SkeletalMeshes/BladeWeapons/Blade_Fencer/M_Blade_Fencer.uasset" 107
"../../../../../Create/Projects/Unreal/MMO/Content/SkeletalMeshes/BladeWeapons/Blade_Fencer/SK_Blade_Fencer_Skeleton.uasset" 108
"../../../../../Create/Projects/Unreal/MMO/Content/SkeletalMeshes/BladeWeapons/Blade_Fencer/SK_Blade_Fencer.uasset" 109
"../../../../../Create/Projects/Unreal/MMO/Content/SkeletalMeshes/BladeWeapons/Blade_HeroSword10/T_Blade_HeroSword101_D.uasset" 110
"../../../../../Create/Projects/Unreal/MMO/Content/SkeletalMeshes/BladeWeapons/Blade_HeroSword10/T_Blade_HeroSword101_N.uasset" 111
"../../../../../Create/Projects/Unreal/MMO/Content/SkeletalMeshes/BladeWeapons/Blade_HeroSword10/T_Blade_HeroSword102_D.uasset" 112
"../../../../../Create/Projects/Unreal/MMO/Content/SkeletalMeshes/BladeWeapons/Blade_HeroSword10/T_Blade_HeroSword102_M.uasset" 113
"../../../../../Create/Projects/Unreal/MMO/Content/SkeletalMeshes/BladeWeapons/Blade_HeroSword10/T_Blade_HeroSword102_N.uasset" 114
"../../../../../Create/Projects/Unreal/MMO/Content/SkeletalMeshes/BladeWeapons/Blade_HeroSword10/M_Blade_HeroSword.uasset" 115
"../../../../../Create/Projects/Unreal/MMO/Content/SkeletalMeshes/BladeWeapons/Blade_HeroSword10/SK_Blade_HeroSword10_Skeleton.uasset" 116
"../../../../../Create/Projects/Unreal/MMO/Content/SkeletalMeshes/BladeWeapons/Blade_HeroSword10/SK_Blade_HeroSword10.uasset" 117
"../../../../../Create/Projects/Unreal/MMO/Content/SkeletalMeshes/BladeWeapons/Blade_HeroSword11/T_Blade_HeroSword_011_D.uasset" 118
"../../../../../Create/Projects/Unreal/MMO/Content/SkeletalMeshes/BladeWeapons/Blade_HeroSword11/T_Blade_HeroSword_011_N.uasset" 119
"../../../../../Create/Projects/Unreal/MMO/Content/SkeletalMeshes/BladeWeapons/Blade_HeroSword11/T_Blade_HeroSword_012_D.uasset" 120
"../../../../../Create/Projects/Unreal/MMO/Content/SkeletalMeshes/BladeWeapons/Blade_HeroSword11/M_Blade_HeroSword11.uasset" 121
"../../../../../Create/Projects/Unreal/MMO/Content/SkeletalMeshes/BladeWeapons/Blade_HeroSword11/SK_Blade_HeroSword_01_Skeleton.uasset" 122
"../../../../../Create/Projects/Unreal/MMO/Content/SkeletalMeshes/BladeWeapons/Blade_HeroSword11/SK_Blade_HeroSword11.uasset" 123
"../../../../../Create/Projects/Unreal/MMO/Content/SkeletalMeshes/BladeWeapons/Blade_HeroSword16/T_Blade_HeroSword161_D.uasset" 124
"../../../../../Create/Projects/Unreal/MMO/Content/SkeletalMeshes/BladeWeapons/Blade_HeroSword16/T_Blade_HeroSword161_M.uasset" 125
"../../../../../Create/Projects/Unreal/MMO/Content/SkeletalMeshes/BladeWeapons/Blade_HeroSword16/T_Blade_HeroSword161_N.uasset" 126
"../../../../../Create/Projects/Unreal/MMO/Content/SkeletalMeshes/BladeWeapons/Blade_HeroSword16/T_Blade_HeroSword162_D.uasset" 127
"../../../../../Create/Projects/Unreal/MMO/Content/SkeletalMeshes/BladeWeapons/Blade_HeroSword16/T_Blade_HeroSword162_M.uasset" 128
"../../../../../Create/Projects/Unreal/MMO/Content/SkeletalMeshes/BladeWeapons/Blade_HeroSword16/T_Blade_HeroSword162_N.uasset" 129
"../../../../../Create/Projects/Unreal/MMO/Content/SkeletalMeshes/BladeWeapons/Blade_HeroSword16/M_Blade_HeroSword16.uasset" 130
"../../../../../Create/Projects/Unreal/MMO/Content/SkeletalMeshes/BladeWeapons/Blade_HeroSword16/SK_Blade_HeroSword16_Skeleton.uasset" 131
"../../../../../Create/Projects/Unreal/MMO/Content/SkeletalMeshes/BladeWeapons/Blade_HeroSword16/SK_Blade_HeroSword16.uasset" 132
"../../../../../Create/Projects/Unreal/MMO/Content/SkeletalMeshes/BladeWeapons/Blade_HeroSword17/T_Blade_HeroSword171_D.uasset" 133
"../../../../../Create/Projects/Unreal/MMO/Content/SkeletalMeshes/BladeWeapons/Blade_HeroSword17/T_Blade_HeroSword171_M.uasset" 134
"../../../../../Create/Projects/Unreal/MMO/Content/SkeletalMeshes/BladeWeapons/Blade_HeroSword17/T_Blade_HeroSword171_N.uasset" 135
"../../../../../Create/Projects/Unreal/MMO/Content/SkeletalMeshes/BladeWeapons/Blade_HeroSword17/T_Blade_HeroSword172_D.uasset" 136
"../../../../../Create/Projects/Unreal/MMO/Content/SkeletalMeshes/BladeWeapons/Blade_HeroSword17/T_Blade_HeroSword172_M.uasset" 137
"../../../../../Create/Projects/Unreal/MMO/Content/SkeletalMeshes/BladeWeapons/Blade_HeroSword17/T_Blade_HeroSword172_N.uasset" 138
"../../../../../Create/Projects/Unreal/MMO/Content/SkeletalMeshes/BladeWeapons/Blade_HeroSword17/M_Blade_HeroSword17.uasset" 139
"../../../../../Create/Projects/Unreal/MMO/Content/SkeletalMeshes/BladeWeapons/Blade_HeroSword17/SK_Blade_HeroSword17_Skeleton.uasset" 140
"../../../../../Create/Projects/Unreal/MMO/Content/SkeletalMeshes/BladeWeapons/Blade_HeroSword17/SK_Blade_HeroSword17.uasset" 141
"../../../../../Create/Projects/Unreal/MMO/Content/SkeletalMeshes/BladeWeapons/Blade_HeroSword22/T_Blade_HeroSword221_D.uasset" 142
"../../../../../Create/Projects/Unreal/MMO/Content/SkeletalMeshes/BladeWeapons/Blade_HeroSword22/T_Blade_HeroSword221_N.uasset" 143
"../../../../../Create/Projects/Unreal/MMO/Content/SkeletalMeshes/BladeWeapons/Blade_HeroSword22/T_Blade_HeroSword222_D.uasset" 144
"../../../../../Create/Projects/Unreal/MMO/Content/SkeletalMeshes/BladeWeapons/Blade_HeroSword22/T_Blade_HeroSword222_N.uasset" 145
"../../../../../Create/Projects/Unreal/MMO/Content/SkeletalMeshes/BladeWeapons/Blade_HeroSword22/M_Blade_HeroSword22.uasset" 146
"../../../../../Create/Projects/Unreal/MMO/Content/SkeletalMeshes/BladeWeapons/Blade_HeroSword22/SK_Blade_HeroSword22_Skeleton.uasset" 147
"../../../../../Create/Projects/Unreal/MMO/Content/SkeletalMeshes/BladeWeapons/Blade_HeroSword22/SK_Blade_HeroSword22.uasset" 148
"../../../../../Create/Projects/Unreal/MMO/Content/SkeletalMeshes/BladeWeapons/Blade_HeroSword22/SK_Blade_HeroSword22_Forge_Skeleton.uasset" 149
"../../../../../Create/Projects/Unreal/MMO/Content/SkeletalMeshes/BladeWeapons/Blade_SwordA/T_Blade_SwordA1_D.uasset" 150
"../../../../../Create/Projects/Unreal/MMO/Content/SkeletalMeshes/BladeWeapons/Blade_SwordA/T_Blade_SwordA1_M.uasset" 151
"../../../../../Create/Projects/Unreal/MMO/Content/SkeletalMeshes/BladeWeapons/Blade_SwordA/T_Blade_SwordA1_N.uasset" 152
"../../../../../Create/Projects/Unreal/MMO/Content/SkeletalMeshes/BladeWeapons/Blade_SwordA/T_Blade_SwordA2_D.uasset" 153
"../../../../../Create/Projects/Unreal/MMO/Content/SkeletalMeshes/BladeWeapons/Blade_SwordA/T_Blade_SwordA2_M.uasset" 154
"../../../../../Create/Projects/Unreal/MMO/Content/SkeletalMeshes/BladeWeapons/Blade_SwordA/T_Blade_SwordA2_N.uasset" 155
"../../../../../Create/Projects/Unreal/MMO/Content/SkeletalMeshes/BladeWeapons/Blade_SwordA/M_Blade_SwordA.uasset" 156
"../../../../../Create/Projects/Unreal/MMO/Content/SkeletalMeshes/BladeWeapons/Blade_SwordA/SK_Blade_SwordA_Skeleton.uasset" 157
"../../../../../Create/Projects/Unreal/MMO/Content/SkeletalMeshes/BladeWeapons/Blade_SwordA/SK_Blade_SwordA.uasset" 158
"../../../../../Create/Projects/Unreal/MMO/Content/SkeletalMeshes/BladeWeapons/Blade_SwordB/T_Blade_SwordB1_D.uasset" 159
"../../../../../Create/Projects/Unreal/MMO/Content/SkeletalMeshes/BladeWeapons/Blade_SwordB/T_Blade_SwordB1_N.uasset" 160
"../../../../../Create/Projects/Unreal/MMO/Content/SkeletalMeshes/BladeWeapons/Blade_SwordB/T_Blade_SwordB2_D.uasset" 161
"../../../../../Create/Projects/Unreal/MMO/Content/SkeletalMeshes/BladeWeapons/Blade_SwordB/T_Blade_SwordB2_M.uasset" 162
"../../../../../Create/Projects/Unreal/MMO/Content/SkeletalMeshes/BladeWeapons/Blade_SwordB/T_Blade_SwordB2_N.uasset" 163
"../../../../../Create/Projects/Unreal/MMO/Content/SkeletalMeshes/BladeWeapons/Blade_SwordB/M_Blade_SwordB.uasset" 164
"../../../../../Create/Projects/Unreal/MMO/Content/SkeletalMeshes/BladeWeapons/Blade_SwordB/SK_Blade_SwordB_Skeleton.uasset" 165
"../../../../../Create/Projects/Unreal/MMO/Content/SkeletalMeshes/BladeWeapons/Blade_SwordB/SK_Blade_SwordB.uasset" 166
"../../../../../Create/Projects/Unreal/MMO/Content/SkeletalMeshes/Mannequin/Animations/Death_3.uasset" 167
"../../../../../Create/Projects/Unreal/MMO/Content/SkeletalMeshes/Mannequin/Animations/ThirdPersonJump_End.uasset" 168
"../../../../../Create/Projects/Unreal/MMO/Content/SkeletalMeshes/Mannequin/Animations/ThirdPersonJump_Loop.uasset" 169
"../../../../../Create/Projects/Unreal/MMO/Content/SkeletalMeshes/Mannequin/Animations/ThirdPersonJump_Start.uasset" 170
"../../../../../Create/Projects/Unreal/MMO/Content/SkeletalMeshes/Mannequin/Animations/ThirdPerson_Jump.uasset" 171
"../../../../../Create/Projects/Unreal/MMO/Content/SkeletalMeshes/Mannequin/Animations/Swordsman/A_SW_Berserk.uasset" 172
"../../../../../Create/Projects/Unreal/MMO/Content/SkeletalMeshes/Mannequin/Animations/Swordsman/A_SW_DeadPose.uasset" 173
"../../../../../Create/Projects/Unreal/MMO/Content/SkeletalMeshes/Mannequin/Animations/Swordsman/Attack/A_SW_Attack_05.uasset" 174
"../../../../../Create/Projects/Unreal/MMO/Content/SkeletalMeshes/Mannequin/Animations/Swordsman/Attack/A_SW_Combo.uasset" 175
"../../../../../Create/Projects/Unreal/MMO/Content/SkeletalMeshes/Mannequin/Animations/Swordsman/Attack/A_SW_HeavyAttack.uasset" 176
"../../../../../Create/Projects/Unreal/MMO/Content/SkeletalMeshes/Mannequin/Animations/Swordsman/Avoid/A_SW_Avoid_Backward.uasset" 177
"../../../../../Create/Projects/Unreal/MMO/Content/SkeletalMeshes/Mannequin/Animations/Swordsman/Avoid/A_SW_Avoid_BackwardLeft.uasset" 178
"../../../../../Create/Projects/Unreal/MMO/Content/SkeletalMeshes/Mannequin/Animations/Swordsman/Avoid/A_SW_Avoid_BackwardRight.uasset" 179
"../../../../../Create/Projects/Unreal/MMO/Content/SkeletalMeshes/Mannequin/Animations/Swordsman/Avoid/A_SW_Avoid_Forward.uasset" 180
"../../../../../Create/Projects/Unreal/MMO/Content/SkeletalMeshes/Mannequin/Animations/Swordsman/Avoid/A_SW_Avoid_ForwardLeft.uasset" 181
"../../../../../Create/Projects/Unreal/MMO/Content/SkeletalMeshes/Mannequin/Animations/Swordsman/Avoid/A_SW_Avoid_ForwardRight.uasset" 182
"../../../../../Create/Projects/Unreal/MMO/Content/SkeletalMeshes/Mannequin/Animations/Swordsman/Avoid/A_SW_Avoid_Left.uasset" 183
"../../../../../Create/Projects/Unreal/MMO/Content/SkeletalMeshes/Mannequin/Animations/Swordsman/Avoid/A_SW_Avoid_Right.uasset" 184
"../../../../../Create/Projects/Unreal/MMO/Content/SkeletalMeshes/Mannequin/Animations/Swordsman/Block/A_SW_Blocking.uasset" 185
"../../../../../Create/Projects/Unreal/MMO/Content/SkeletalMeshes/Mannequin/Animations/Swordsman/Block/A_SW_Blocking_Attack.uasset" 186
"../../../../../Create/Projects/Unreal/MMO/Content/SkeletalMeshes/Mannequin/Animations/Swordsman/Block/A_SW_Blocking_Hit.uasset" 187
"../../../../../Create/Projects/Unreal/MMO/Content/SkeletalMeshes/Mannequin/Animations/Swordsman/Cinematic/A_SW_Enemy_Left_01.uasset" 188
"../../../../../Create/Projects/Unreal/MMO/Content/SkeletalMeshes/Mannequin/Animations/Swordsman/Cinematic/A_SW_Enemy_Left_02.uasset" 189
"../../../../../Create/Projects/Unreal/MMO/Content/SkeletalMeshes/Mannequin/Animations/Swordsman/Cinematic/A_SW_Enemy_Right_01.uasset" 190
"../../../../../Create/Projects/Unreal/MMO/Content/SkeletalMeshes/Mannequin/Animations/Swordsman/Cinematic/A_SW_Enemy_Right_02.uasset" 191
"../../../../../Create/Projects/Unreal/MMO/Content/SkeletalMeshes/Mannequin/Animations/Swordsman/Cinematic/A_SW_PlayerStart.uasset" 192
"../../../../../Create/Projects/Unreal/MMO/Content/SkeletalMeshes/Mannequin/Animations/Swordsman/Combat/A_SW_Combat_In.uasset" 193
"../../../../../Create/Projects/Unreal/MMO/Content/SkeletalMeshes/Mannequin/Animations/Swordsman/Combat/A_SW_Combat_Out.uasset" 194
"../../../../../Create/Projects/Unreal/MMO/Content/SkeletalMeshes/Mannequin/Animations/Swordsman/Damage/A_SW_Damage_Backward.uasset" 195
"../../../../../Create/Projects/Unreal/MMO/Content/SkeletalMeshes/Mannequin/Animations/Swordsman/Damage/A_SW_Damage_Left.uasset" 196
"../../../../../Create/Projects/Unreal/MMO/Content/SkeletalMeshes/Mannequin/Animations/Swordsman/Damage/A_SW_Damage_Right.uasset" 197
"../../../../../Create/Projects/Unreal/MMO/Content/SkeletalMeshes/Mannequin/Animations/Swordsman/Equip/A_SW_Equip.uasset" 198
"../../../../../Create/Projects/Unreal/MMO/Content/SkeletalMeshes/Mannequin/Animations/Swordsman/Equip/A_SW_Unequip.uasset" 199
"../../../../../Create/Projects/Unreal/MMO/Content/SkeletalMeshes/Mannequin/Animations/Swordsman/Fatality/A_SW_Fatality_Atacker_01.uasset" 200
"../../../../../Create/Projects/Unreal/MMO/Content/SkeletalMeshes/Mannequin/Animations/Swordsman/Fatality/A_SW_Fatality_Atacker_02.uasset" 201
"../../../../../Create/Projects/Unreal/MMO/Content/SkeletalMeshes/Mannequin/Animations/Swordsman/Fatality/A_SW_Fatality_Victim_01.uasset" 202
"../../../../../Create/Projects/Unreal/MMO/Content/SkeletalMeshes/Mannequin/Animations/Swordsman/Fatality/A_SW_Fatality_Victim_02.uasset" 203
"../../../../../Create/Projects/Unreal/MMO/Content/SkeletalMeshes/Mannequin/Animations/Swordsman/Fatality/A_SW_Stealth_Atacker_01.uasset" 204
"../../../../../Create/Projects/Unreal/MMO/Content/SkeletalMeshes/Mannequin/Animations/Swordsman/Fatality/A_SW_Stealth_Victim_01.uasset" 205
"../../../../../Create/Projects/Unreal/MMO/Content/SkeletalMeshes/Mannequin/Animations/Swordsman/Jump/A_SW_Jump_Air.uasset" 206
"../../../../../Create/Projects/Unreal/MMO/Content/SkeletalMeshes/Mannequin/Animations/Swordsman/Jump/A_SW_Jump_Land.uasset" 207
"../../../../../Create/Projects/Unreal/MMO/Content/SkeletalMeshes/Mannequin/Animations/Swordsman/Jump/A_SW_Jump_Land_Run.uasset" 208
"../../../../../Create/Projects/Unreal/MMO/Content/SkeletalMeshes/Mannequin/Animations/Swordsman/Jump/A_SW_Jump_Start.uasset" 209
"../../../../../Create/Projects/Unreal/MMO/Content/SkeletalMeshes/Mannequin/Animations/Swordsman/Jump/Unarmed/A_Unarmed_Jump_Air.uasset" 210
"../../../../../Create/Projects/Unreal/MMO/Content/SkeletalMeshes/Mannequin/Animations/Swordsman/Jump/Unarmed/A_Unarmed_Jump_Land.uasset" 211
"../../../../../Create/Projects/Unreal/MMO/Content/SkeletalMeshes/Mannequin/Animations/Swordsman/Jump/Unarmed/A_Unarmed_Jump_Land_Run.uasset" 212
"../../../../../Create/Projects/Unreal/MMO/Content/SkeletalMeshes/Mannequin/Animations/Swordsman/Jump/Unarmed/A_Unarmed_Jump_Start.uasset" 213
"../../../../../Create/Projects/Unreal/MMO/Content/SkeletalMeshes/Mannequin/Animations/Swordsman/Movement/A_SW_Idle.uasset" 214
"../../../../../Create/Projects/Unreal/MMO/Content/SkeletalMeshes/Mannequin/Animations/Swordsman/Movement/A_SW_Walk_Player.uasset" 215
"../../../../../Create/Projects/Unreal/MMO/Content/SkeletalMeshes/Mannequin/Animations/Swordsman/Movement/SwordsmanPlayer_IdleRun_1D.uasset" 216
"../../../../../Create/Projects/Unreal/MMO/Content/SkeletalMeshes/Mannequin/Animations/Swordsman/Movement/A_SW_RelaxWalk.uasset" 217
"../../../../../Create/Projects/Unreal/MMO/Content/SkeletalMeshes/Mannequin/Animations/Swordsman/Movement/Swordsman_IdleRun_1D.uasset" 218
"../../../../../Create/Projects/Unreal/MMO/Content/SkeletalMeshes/Mannequin/Animations/Swordsman/Movement/A_SW_Walk_B.uasset" 219
"../../../../../Create/Projects/Unreal/MMO/Content/SkeletalMeshes/Mannequin/Animations/Swordsman/Movement/A_SW_Walk_BL.uasset" 220
"../../../../../Create/Projects/Unreal/MMO/Content/SkeletalMeshes/Mannequin/Animations/Swordsman/Movement/A_SW_Walk_BR.uasset" 221
"../../../../../Create/Projects/Unreal/MMO/Content/SkeletalMeshes/Mannequin/Animations/Swordsman/Movement/A_SW_Walk_FL.uasset" 222
"../../../../../Create/Projects/Unreal/MMO/Content/SkeletalMeshes/Mannequin/Animations/Swordsman/Movement/A_SW_Walk_FR.uasset" 223
"../../../../../Create/Projects/Unreal/MMO/Content/SkeletalMeshes/Mannequin/Animations/Swordsman/Movement/A_SW_Walk_L.uasset" 224
"../../../../../Create/Projects/Unreal/MMO/Content/SkeletalMeshes/Mannequin/Animations/Swordsman/Movement/A_SW_Walk_R.uasset" 225
"../../../../../Create/Projects/Unreal/MMO/Content/SkeletalMeshes/Mannequin/Animations/Swordsman/Movement/Swordsman_Walk_1d.uasset" 226
"../../../../../Create/Projects/Unreal/MMO/Content/SkeletalMeshes/Mannequin/Animations/Swordsman/Movement/Unarmed/A_SW_Unarmed_Idle.uasset" 227
"../../../../../Create/Projects/Unreal/MMO/Content/SkeletalMeshes/Mannequin/Animations/Swordsman/Movement/Unarmed/A_SW_Unarmed_Run.uasset" 228
"../../../../../Create/Projects/Unreal/MMO/Content/SkeletalMeshes/Mannequin/Animations/Swordsman/Movement/Unarmed/A_SW_Unarmed_Walk.uasset" 229
"../../../../../Create/Projects/Unreal/MMO/Content/SkeletalMeshes/Mannequin/Animations/Swordsman/Movement/Unarmed/Unarmed_SW_IdleRun_1D.uasset" 230
"../../../../../Create/Projects/Unreal/MMO/Content/SkeletalMeshes/Mannequin/Animations/Swordsman/Roll/A_SW_Roll_BackwardLeft.uasset" 231
"../../../../../Create/Projects/Unreal/MMO/Content/SkeletalMeshes/Mannequin/Animations/Swordsman/Roll/A_SW_Roll_BackwardRight.uasset" 232
"../../../../../Create/Projects/Unreal/MMO/Content/SkeletalMeshes/Mannequin/Animations/Swordsman/Roll/A_SW_Roll_Left.uasset" 233
"../../../../../Create/Projects/Unreal/MMO/Content/SkeletalMeshes/Mannequin/Animations/Swordsman/Roll/A_SW_Roll_Right.uasset" 234
"../../../../../Create/Projects/Unreal/MMO/Content/SkeletalMeshes/Mannequin/Animations/Swordsman/Taunt/A_SW_Taunt_01.uasset" 235
"../../../../../Create/Projects/Unreal/MMO/Content/SkeletalMeshes/Mannequin/Animations/Swordsman/Taunt/A_SW_Taunt_02.uasset" 236
"../../../../../Create/Projects/Unreal/MMO/Content/SkeletalMeshes/Mannequin/Animations/Swordsman/Throw/A_SW_Throw_BwdLeft.uasset" 237
"../../../../../Create/Projects/Unreal/MMO/Content/SkeletalMeshes/Mannequin/Animations/Swordsman/Throw/A_SW_Throw_BwdRight.uasset" 238
"../../../../../Create/Projects/Unreal/MMO/Content/SkeletalMeshes/Mannequin/Animations/Swordsman/Throw/A_SW_Throw_Fwd.uasset" 239
"../../../../../Create/Projects/Unreal/MMO/Content/SkeletalMeshes/Mannequin/Animations/Swordsman/Throw/A_SW_Throw_Left.uasset" 240
"../../../../../Create/Projects/Unreal/MMO/Content/SkeletalMeshes/Mannequin/Animations/Swordsman/Throw/A_SW_Throw_Right.uasset" 241
"../../../../../Create/Projects/Unreal/MMO/Content/SkeletalMeshes/Mannequin/Animations/Swordsman/Throw/A_SW_Throw_1D.uasset" 242
"../../../../../Create/Projects/Unreal/MMO/Content/Textures/Classes/Wizard.uasset" 243
"../../../../../Create/Projects/Unreal/MMO/Content/UI/WB_ClassesData.uasset" 244
"../../../../../Create/Projects/Unreal/MMO/Content/UI/Settings/WB_Keybindings.uasset" 245
"../../../../../Create/Projects/Unreal/MMO/Content/UI/Settings/WB_Player.uasset" 246
"../../../../../Create/Projects/Unreal/MMO/Content/UI/Settings/WB_Sound.uasset" 247
"../../../../../Create/Projects/Unreal/MMO/Content/UI/Settings/WB_UI.uasset" 248
"../../../../../Create/Projects/Unreal/MMO/Content/UI/Settings/WB_Video.uasset" 249
"../../../Engine/Content/Animation/DefaultAnimCurveCompressionSettings.uasset" 250
"../../../Engine/Content/Functions/Engine_MaterialFunctions01/Opacity/CameraDepthFade.uasset" 251
"../../../Engine/Content/EngineMaterials/T_Default_Material_Grid_M.uasset" 252
"../../../Engine/Content/EngineMaterials/T_Default_Material_Grid_N.uasset" 253
"../../../Engine/Content/EngineMaterials/WorldGridMaterial.uasset" 254
"../../../Engine/Content/ArtTools/RenderToTexture/Meshes/S_1_Unit_Plane.uasset" 255
"../../../Engine/Content/EngineMaterials/DefaultMaterial.uasset" 256
"../../../Engine/Content/BasicShapes/Cone.uasset" 257
"../../../Engine/Content/BasicShapes/Cube.uasset" 258
"../../../Engine/Content/BasicShapes/Cylinder.uasset" 259
"../../../Engine/Content/BasicShapes/Sphere.uasset" 260
"../../../Engine/Content/EditorLandscapeResources/DataLayer.uasset" 261
"../../../Engine/Content/EditorMaterials/MAT_Groups_Toggle.uasset" 262
"../../../Engine/Content/EditorMaterials/MAT_Groups_Visibility.uasset" 263
"../../../Engine/Content/EditorMaterials/PreviewShadowIndicator.uasset" 264
"../../../Engine/Content/EditorMaterials/PreviewShadowIndicatorMaterial.uasset" 265
"../../../Engine/Content/EditorMaterials/MatineeGroups/MAT_ColorTrack.uasset" 266
"../../../Engine/Content/EditorMaterials/MatineeGroups/MAT_Groups_Anim.uasset" 267
"../../../Engine/Content/EditorMaterials/MatineeGroups/MAT_Groups_AudioMaster.uasset" 268
"../../../Engine/Content/EditorMaterials/MatineeGroups/MAT_Groups_Director.uasset" 269
"../../../Engine/Content/EditorMaterials/MatineeGroups/MAT_Groups_Event.uasset" 270
"../../../Engine/Content/EditorMaterials/MatineeGroups/MAT_Groups_Fade.uasset" 271
"../../../Engine/Content/EditorMaterials/MatineeGroups/MAT_Groups_Float.uasset" 272
"../../../Engine/Content/EditorMaterials/MatineeGroups/MAT_Groups_Move.uasset" 273
"../../../Engine/Content/EditorMaterials/MatineeGroups/MAT_Groups_Slomo.uasset" 274
"../../../Engine/Content/EditorMaterials/MatineeGroups/MAT_Groups_Sound.uasset" 275
"../../../Engine/Content/EditorMaterials/MatineeGroups/MAT_Groups_Vector.uasset" 276
"../../../Engine/Content/EditorMaterials/ParticleSystems/PSysThumbnail_NoImage.uasset" 277
"../../../Engine/Content/EditorMaterials/ParticleSystems/PSysThumbnail_OOD.uasset" 278
"../../../Engine/Content/EditorMaterials/Camera/CineMat.uasset" 279
"../../../Engine/Content/EditorMaterials/Camera/MI_CineMat_Rig.uasset" 280
"../../../Engine/Content/EditorMeshes/Camera/SM_CraneRig_Arm.uasset" 281
"../../../Engine/Content/EditorMeshes/Camera/SM_CraneRig_Base.uasset" 282
"../../../Engine/Content/EditorMeshes/Camera/SM_CraneRig_Body.uasset" 283
"../../../Engine/Content/EditorMeshes/Camera/SM_CraneRig_Mount.uasset" 284
"../../../Engine/Content/EditorMeshes/Camera/SM_RailRig_Mount.uasset" 285
"../../../Engine/Content/EditorMeshes/Camera/SM_RailRig_Track.uasset" 286
"../../../Engine/Content/EditorResources/BSPVertex.uasset" 287
"../../../Engine/Content/EditorResources/EmptyActor.uasset" 288
"../../../Engine/Content/EditorResources/S_Actor.uasset" 289
"../../../Engine/Content/EditorResources/S_Note.uasset" 290
"../../../Engine/Content/EditorResources/S_Solver.uasset" 291
"../../../Engine/Content/EditorResources/S_Trigger.uasset" 292
"../../../Engine/Content/EditorResources/SequenceRecorder/Countdown.uasset" 293
"../../../Engine/Content/EditorResources/SequenceRecorder/RecordingIndicator.uasset" 294
"../../../Engine/Content/EditorSounds/Notifications/CompileFailed.uasset" 295
"../../../Engine/Content/EditorSounds/Notifications/CompileFailed_Cue.uasset" 296
"../../../Engine/Content/EditorSounds/Notifications/CompileSuccess.uasset" 297
"../../../Engine/Content/EditorSounds/Notifications/CompileStart_Cue.uasset" 298
"../../../Engine/Content/EditorSounds/Notifications/CompileSuccess_Cue.uasset" 299
"../../../Engine/Content/EngineDamageTypes/DmgTypeBP_Environmental.uasset" 300
"../../../Engine/Content/EngineDebugMaterials/DebugEditorMaterial.uasset" 301
"../../../Engine/Content/EngineDebugMaterials/DebugMeshMaterial.uasset" 302
"../../../Engine/Content/EngineDebugMaterials/M_SimpleUnlitTranslucent.uasset" 303
"../../../Engine/Content/Functions/Engine_MaterialFunctions02/Utility/CameraDirectionVector.uasset" 304
"../../../Engine/Content/EngineDebugMaterials/VolumeToRender.uasset" 305
"../../../Engine/Content/EngineDebugMaterials/M_VolumeRenderSphereTracePP.uasset" 306
"../../../Engine/Content/EngineDebugMaterials/WireframeMaterial.uasset" 307
"../../../Engine/Content/EngineFonts/Faces/DroidSansFallback.uasset" 308
"../../../Engine/Content/EngineFonts/Faces/RobotoBold.uasset" 309
"../../../Engine/Content/EngineFonts/Faces/RobotoBoldItalic.uasset" 310
"../../../Engine/Content/EngineFonts/Faces/RobotoItalic.uasset" 311
"../../../Engine/Content/EngineFonts/Faces/RobotoLight.uasset" 312
"../../../Engine/Content/EngineFonts/Faces/RobotoRegular.uasset" 313
"../../../Engine/Content/EngineFonts/Roboto.uasset" 314
"../../../Engine/Content/EngineMaterials/BaseFlattenDiffuseMap.uasset" 315
"../../../Engine/Content/EngineMaterials/BaseFlattenEmissiveMap.uasset" 316
"../../../Engine/Content/EngineMaterials/BaseFlattenGrayscaleMap.uasset" 317
"../../../Engine/Content/EngineMaterials/BaseFlattenNormalMap.uasset" 318
"../../../Engine/Content/EngineMaterials/BaseFlattenMaterial.uasset" 319
"../../../Engine/Content/EngineMaterials/BlueNoise.uasset" 320
"../../../Engine/Content/EngineMaterials/DefaultBloomKernel.uasset" 321
"../../../Engine/Content/EngineMaterials/DefaultBokeh.uasset" 322
"../../../Engine/Content/EngineMaterials/DefaultDiffuse.uasset" 323
"../../../Engine/Content/EngineMaterials/DefaultDeferredDecalMaterial.uasset" 324
"../../../Engine/Content/EngineMaterials/DefaultLightFunctionMaterial.uasset" 325
"../../../Engine/Content/Functions/Engine_MaterialFunctions02/Utility/BreakOutFloat2Components.uasset" 326
"../../../Engine/Content/EngineMaterials/DefaultPostProcessMaterial.uasset" 327
"../../../Engine/Content/EngineFonts/RobotoDistanceField.uasset" 328
"../../../Engine/Content/EngineMaterials/DefaultTextMaterialOpaque.uasset" 329
"../../../Engine/Content/EngineMaterials/DefaultWhiteGrid.uasset" 330
"../../../Engine/Content/EngineMaterials/DefaultWhiteGrid_Low.uasset" 331
"../../../Engine/Content/EngineMaterials/EmissiveMeshMaterial.uasset" 332
"../../../Engine/Content/EngineMaterials/GizmoMaterial.uasset" 333
"../../../Engine/Content/EngineMaterials/Good64x64TilingNoiseHighFreq.uasset" 334
"../../../Engine/Content/EngineMaterials/MiniFont.uasset" 335
"../../../Engine/Content/EngineMaterials/InvalidLightmapSettings.uasset" 336
"../../../Engine/Content/EngineMaterials/M_InvalidLightmapSettings.uasset" 337
"../../../Engine/Content/Functions/Engine_MaterialFunctions02/WorldPositionOffset/CameraOffset.uasset" 338
"../../../Engine/Content/EngineMaterials/PhAT_JointLimitMaterial.uasset" 339
"../../../Engine/Content/EngineMaterials/PreintegratedSkinBRDF.uasset" 340
"../../../Engine/Content/EngineMaterials/RemoveSurfaceMaterial.uasset" 341
"../../../Engine/Content/EngineMaterials/WeightMapPlaceholderTexture.uasset" 342
"../../../Engine/Content/EngineResources/WhiteSquareTexture.uasset" 343
"../../../Engine/Content/EngineMaterials/Widget3DPassThrough.uasset" 344
"../../../Engine/Content/EngineMaterials/Widget3DPassThrough_Masked.uasset" 345
"../../../Engine/Content/EngineMaterials/Widget3DPassThrough_Opaque.uasset" 346
"../../../Engine/Content/EngineMaterials/Widget3DPassThrough_Masked_OneSided.uasset" 347
"../../../Engine/Content/EngineMaterials/Widget3DPassThrough_Opaque_OneSided.uasset" 348
"../../../Engine/Content/EngineMaterials/Widget3DPassThrough_Translucent.uasset" 349
"../../../Engine/Content/EngineMaterials/Widget3DPassThrough_Translucent_OneSided.uasset" 350
"../../../Engine/Content/EngineMeshes/Cylinder.uasset" 351
"../../../Engine/Content/EngineMeshes/Sphere.uasset" 352
"../../../Engine/Content/EngineResources/Black.uasset" 353
"../../../Engine/Content/EngineResources/DefaultTexture.uasset" 354
"../../../Engine/Content/EngineResources/DefaultTextureCube.uasset" 355
"../../../Engine/Content/EngineResources/DefaultVolumeTexture2D.uasset" 356
"../../../Engine/Content/EngineResources/DefaultVolumeTexture.uasset" 357
"../../../Engine/Content/EngineResources/GradientTexture0.uasset" 358
"../../../Engine/Content/EngineSounds/Master.uasset" 359
"../../../Engine/Content/Functions/Engine_MaterialFunctions01/Shading/ConvertFromDiffSpec.uasset" 360
"../../../Engine/Content/Functions/Engine_MaterialFunctions01/Shading/PowerToRoughness.uasset" 361
"../../../Engine/Content/Maps/Templates/Thumbnails/Default.uasset" 362
"../../../Engine/Content/Maps/Templates/Thumbnails/TimeOfDay.uasset" 363
"../../../Engine/Content/Maps/Templates/Thumbnails/VR-Basic.uasset" 364
"../../../Engine/Content/MobileResources/T_MobileControls_texture.uasset" 365
"../../../Engine/Content/MobileResources/T_MobileMenu2.uasset" 366
"../../../Engine/Content/MobileResources/HUD/AnalogHat.uasset" 367
"../../../Engine/Content/MobileResources/HUD/VirtualJoystick_Background.uasset" 368
"../../../Engine/Content/MobileResources/HUD/VirtualJoystick_Thumb.uasset" 369
"../../../Engine/Content/MobileResources/HUD/DefaultVirtualJoysticks.uasset" 370
"../../../Engine/Content/MobileResources/HUD/LeftVirtualJoystickOnly.uasset" 371
"../../../Engine/Content/MobileResources/HUD/MobileHUDButton1_off.uasset" 372
"../../../Engine/Content/MobileResources/HUD/MobileHUDButton1_on.uasset" 373
"../../../Engine/Content/MobileResources/HUD/MobileHUDButton2_off.uasset" 374
"../../../Engine/Content/MobileResources/HUD/MobileHUDButton2_on.uasset" 375
"../../../Engine/Content/MobileResources/HUD/MobileHUDButton3.uasset" 376
"../../../Engine/Content/MobileResources/HUD/MobileHUDButtonFire.uasset" 377
"../../../Engine/Content/MobileResources/HUD/MobileHUDDirectionPad.uasset" 378
"../../../Engine/Content/MobileResources/HUD/MobileHUDDirectionPad2.uasset" 379
"../../../Engine/Content/MobileResources/HUD/MobileHUDDirectionPad3.uasset" 380
"../../../Engine/Content/MobileResources/HUD/MobileHUDDirectionStick.uasset" 381
"../../../Engine/Content/MobileResources/HUD/T_Castle_ThumbstickInner.uasset" 382
"../../../Engine/Content/MobileResources/HUD/T_Castle_ThumbstickOutter.uasset" 383
"../../../Engine/Content/Tutorial/ContentIntroCurve.uasset" 384
"../../../Engine/Content/Tutorial/Basics/LevelEditorAttract.uasset" 385
"../../../Engine/Content/Tutorial/Basics/TutorialAssets/icon_tab_Levels_40x.uasset" 386
"../../../Engine/Content/Tutorial/Basics/LevelEditorOverview.uasset" 387
"../../../Engine/Content/Tutorial/BlueprintTutorials/TutorialAssets/Blueprint_64x.uasset" 388
"../../../Engine/Content/Tutorial/BlueprintTutorials/BlueprintEditorTutorial.uasset" 389
"../../../Engine/Content/VREditor/LaserPointer/VR_LaserPower_01.uasset" 390
"../../../Engine/Content/VREditor/TransformGizmo/TransformGizmoMaterial.uasset" 391
"../../../Engine/Content/VREditor/TransformGizmo/TranslucentTransformGizmoMaterial.uasset" 392
"../../../Engine/Content/VREditor/TransformGizmo/BoundingBoxCorner.uasset" 393
"../../../Engine/Content/VREditor/TransformGizmo/BoundingBoxEdge.uasset" 394
"../../../Engine/Content/VREditor/TransformGizmo/PlaneTranslationHandle.uasset" 395
"../../../Engine/Content/VREditor/TransformGizmo/Main.uasset" 396
"../../../Engine/Content/VREditor/TransformGizmo/Xray.uasset" 397
"../../../Engine/Content/VREditor/TransformGizmo/SM_Sequencer_Key.uasset" 398
"../../../Engine/Content/VREditor/TransformGizmo/SM_Sequencer_Node.uasset" 399
"../../Plugins/2D/Paper2D/Content/PlaceholderTextures/DummySpriteTexture.uasset" 400
"../../Plugins/2D/Paper2D/Content/DummySprite.uasset" 401
"../../Plugins/2D/Paper2D/Content/DefaultPaperTerrainMaterial.uasset" 402
"../../Plugins/2D/Paper2D/Content/DefaultSpriteMaterial.uasset" 403
"../../Plugins/2D/Paper2D/Content/MaskedUnlitSpriteMaterial.uasset" 404
"../../Plugins/2D/Paper2D/Content/OpaqueUnlitSpriteMaterial.uasset" 405
"../../Plugins/FX/Niagara/Content/Enums/ENiagaraBooleanLogicOps.uasset" 406
"../../Plugins/FX/Niagara/Content/Enums/ENiagaraCoordinateSpace.uasset" 407
"../../Plugins/FX/Niagara/Content/Enums/ENiagaraExpansionMode.uasset" 408
"../../Plugins/FX/Niagara/Content/Enums/ENiagaraOrientationAxis.uasset" 409
"../../Plugins/FX/Niagara/Content/Enums/ENiagaraRandomnessMode.uasset" 410
"../../../Engine/Content/Functions/Engine_MaterialFunctions02/Utility/BreakOutFloat4Components.uasset" 411
"../../../Engine/Content/Functions/Engine_MaterialFunctions02/Utility/MakeFloat2.uasset" 412
"../../../Engine/Content/Functions/Engine_MaterialFunctions02/Utility/MakeFloat3.uasset" 413
"../../Plugins/Runtime/Oculus/OculusVR/Content/Materials/OculusMR_ChromaKey.uasset" 414
"../../Plugins/Runtime/Oculus/OculusVR/Content/Materials/OculusMR_ChromaKey_Lit.uasset" 415
"../../Plugins/Runtime/Oculus/OculusVR/Content/Materials/OculusMR_OpaqueColoredMaterial.uasset" 416
"../../Plugins/Runtime/Oculus/OculusVR/Content/Materials/OculusMR_WhiteMaterial.uasset" 417
"../../../../../Create/Projects/Unreal/MMO/Content/SkeletalMeshes/Mannequin/ABP_Enemy.uasset" 418
"../../../../../Create/Projects/Unreal/MMO/Content/SkeletalMeshes/Mannequin/Animations/Swordsman/Damage/A_SW_Damage_Fast.uasset" 419
"../../../../../Create/Projects/Unreal/MMO/Content/SkeletalMeshes/Mannequin/Animations/AM_Hit.uasset" 420
"../../../../../Create/Projects/Unreal/MMO/Content/SkeletalMeshes/Mannequin/Animations/Death_2.uasset" 421
"../../../../../Create/Projects/Unreal/MMO/Content/Data/E_Weapons.uasset" 422
"../../../../../Create/Projects/Unreal/MMO/Content/SkeletalMeshes/BladeWeapons/Blade_Glimmer/T_Blade_Glimmer1_D.uasset" 423
"../../../../../Create/Projects/Unreal/MMO/Content/SkeletalMeshes/BladeWeapons/Blade_Glimmer/T_Blade_Glimmer1_N.uasset" 424
"../../../../../Create/Projects/Unreal/MMO/Content/SkeletalMeshes/BladeWeapons/Blade_Glimmer/T_Blade_Glimmer2_D.uasset" 425
"../../../../../Create/Projects/Unreal/MMO/Content/SkeletalMeshes/BladeWeapons/Blade_Glimmer/T_Blade_Glimmer2_M.uasset" 426
"../../../../../Create/Projects/Unreal/MMO/Content/SkeletalMeshes/BladeWeapons/Blade_Glimmer/T_Blade_Glimmer2_N.uasset" 427
"../../../../../Create/Projects/Unreal/MMO/Content/SkeletalMeshes/BladeWeapons/Blade_Glimmer/M_Blade_Glimmer.uasset" 428
"../../../../../Create/Projects/Unreal/MMO/Content/SkeletalMeshes/BladeWeapons/Blade_Glimmer/SK_Blade_Glimmer_Skeleton.uasset" 429
"../../../../../Create/Projects/Unreal/MMO/Content/SkeletalMeshes/BladeWeapons/Blade_Glimmer/SK_Blade_Glimmer.uasset" 430
"../../../../../Create/Projects/Unreal/MMO/Content/Blueprints/Actors/Weapons/WB_Weapon3.uasset" 431
"../../../../../Create/Projects/Unreal/MMO/Content/SkeletalMeshes/ProtoCharacters/Materials/Enemy.uasset" 432
"../../../Engine/Content/Functions/Engine_MaterialFunctions02/Utility/BlendAngleCorrectedNormals.uasset" 433
"../../../Engine/Content/Functions/MaterialLayerFunctions/MatLayerBlend_NormalBlend.uasset" 434
"../../../Engine/Content/Functions/MaterialLayerFunctions/MatLayerBlend_Simple.uasset" 435
"../../../../../Create/Projects/Unreal/MMO/Content/SkeletalMeshes/Mannequin/Materials/MaterialLayers/T_ML_Rubber_Blue_01_D.uasset" 436
"../../../../../Create/Projects/Unreal/MMO/Content/SkeletalMeshes/Mannequin/Materials/MaterialLayers/T_ML_Rubber_Blue_01_N.uasset" 437
"../../../../../Create/Projects/Unreal/MMO/Content/SkeletalMeshes/Mannequin/Materials/MaterialLayers/ML_GlossyBlack_Latex_UE4.uasset" 438
"../../../../../Create/Projects/Unreal/MMO/Content/SkeletalMeshes/Mannequin/Materials/MaterialLayers/ML_Plastic_Shiny_Beige.uasset" 439
"../../../../../Create/Projects/Unreal/MMO/Content/SkeletalMeshes/Mannequin/Textures/UE4_LOGO_CARD.uasset" 440
"../../../../../Create/Projects/Unreal/MMO/Content/SkeletalMeshes/Mannequin/Materials/MaterialLayers/ML_Plastic_Shiny_Beige_LOGO.uasset" 441
"../../../../../Create/Projects/Unreal/MMO/Content/SkeletalMeshes/Mannequin/Materials/MaterialLayers/T_ML_Aluminum01.uasset" 442
"../../../../../Create/Projects/Unreal/MMO/Content/SkeletalMeshes/Mannequin/Materials/MaterialLayers/T_ML_Aluminum01_N.uasset" 443
"../../../../../Create/Projects/Unreal/MMO/Content/SkeletalMeshes/Mannequin/Materials/MaterialLayers/ML_SoftMetal_UE4.uasset" 444
"../../../../../Create/Projects/Unreal/MMO/Content/SkeletalMeshes/Mannequin/Textures/UE4_Mannequin__normals.uasset" 445
"../../../../../Create/Projects/Unreal/MMO/Content/SkeletalMeshes/Mannequin/Textures/UE4_Mannequin_MAT_MASKA.uasset" 446
"../../../../../Create/Projects/Unreal/MMO/Content/SkeletalMeshes/Mannequin/Materials/M_UE4Man_Body.uasset" 447
"../../../../../Create/Projects/Unreal/MMO/Content/SkeletalMeshes/Mannequin/Textures/UE4Man_Logo_N.uasset" 448
"../../../../../Create/Projects/Unreal/MMO/Content/SkeletalMeshes/Mannequin/Materials/M_UE4Man_ChestLogo.uasset" 449
"../../../../../Create/Projects/Unreal/MMO/Content/SkeletalMeshes/Mannequin/SK_Mannequin_PhysicsAsset.uasset" 450
"../../../../../Create/Projects/Unreal/MMO/Content/SkeletalMeshes/Mannequin/SK_Mannequin.uasset" 451
"../../../../../Create/Projects/Unreal/MMO/Content/UI/WB_Healthbar.uasset" 452
"../../../../../Create/Projects/Unreal/MMO/Content/Blueprints/Actors/NPC/Enemies.uasset" 453
"../../../Engine/Content/EngineSky/C_Sky_Cloud_Color.uasset" 454
"../../../Engine/Content/EngineSky/C_Sky_Horizon_Color.uasset" 455
"../../../Engine/Content/EngineSky/C_Sky_Zenith_Color.uasset" 456
"../../../Engine/Content/EngineSky/T_Sky_Blue.uasset" 457
"../../../Engine/Content/EngineSky/T_Sky_Clouds_M.uasset" 458
"../../../Engine/Content/EngineSky/T_Sky_Stars.uasset" 459
"../../../Engine/Content/EngineSky/M_Sky_Panning_Clouds2.uasset" 460
"../../../Engine/Content/EngineSky/SM_SkySphere.uasset" 461
"../../../Engine/Content/EngineSky/BP_Sky_Sphere.uasset" 462
"../../../../../Create/Projects/Unreal/MMO/Content/Blueprints/Actors/Weapons/WB_Weapon1.uasset" 463
"../../../../../Create/Projects/Unreal/MMO/Content/SkeletalMeshes/BladeWeapons/Blade_DragonSword/T_Blade_DragonSword1_D.uasset" 464
"../../../../../Create/Projects/Unreal/MMO/Content/SkeletalMeshes/BladeWeapons/Blade_DragonSword/T_Blade_DragonSword1_M.uasset" 465
"../../../../../Create/Projects/Unreal/MMO/Content/SkeletalMeshes/BladeWeapons/Blade_DragonSword/T_Blade_DragonSword1_N.uasset" 466
"../../../../../Create/Projects/Unreal/MMO/Content/SkeletalMeshes/BladeWeapons/Blade_DragonSword/T_Blade_DragonSword2_D.uasset" 467
"../../../../../Create/Projects/Unreal/MMO/Content/SkeletalMeshes/BladeWeapons/Blade_DragonSword/T_Blade_DragonSword2_M.uasset" 468
"../../../../../Create/Projects/Unreal/MMO/Content/SkeletalMeshes/BladeWeapons/Blade_DragonSword/T_Blade_DragonSword2_N.uasset" 469
"../../../../../Create/Projects/Unreal/MMO/Content/SkeletalMeshes/BladeWeapons/Blade_DragonSword/M_Blade_DragonSword.uasset" 470
"../../../../../Create/Projects/Unreal/MMO/Content/SkeletalMeshes/BladeWeapons/Blade_DragonSword/SK_Blade_DragonSword_Skeleton.uasset" 471
"../../../../../Create/Projects/Unreal/MMO/Content/SkeletalMeshes/BladeWeapons/Blade_DragonSword/SK_Blade_DragonSword.uasset" 472
"../../../../../Create/Projects/Unreal/MMO/Content/Blueprints/Actors/Weapons/WB_Weapon2.uasset" 473
"../../../../../Create/Projects/Unreal/MMO/Content/Textures/7546_2_2_Tex.uasset" 474
"../../../../../Create/Projects/Unreal/MMO/Content/Textures/T_MacroVariation.uasset" 475
"../../../../../Create/Projects/Unreal/MMO/Content/Materials/M_Landscape.uasset" 476
"../../../../../Create/Projects/Unreal/MMO/Content/Materials/M_Landscape_Inst.uasset" 477
"../../../Engine/Content/EngineMaterials/DefaultPhysicalMaterial.uasset" 478
"../../../../../Create/Projects/Unreal/MMO/Content/Maps/DServer_Test.umap" 479
"../../../../../Create/Projects/Unreal/MMO/Content/Data/F_ClassData.uasset" 480
"../../../../../Create/Projects/Unreal/MMO/Content/Textures/Classes/Beast.uasset" 481
"../../../../../Create/Projects/Unreal/MMO/Content/Textures/Classes/Deamon.uasset" 482
"../../../../../Create/Projects/Unreal/MMO/Content/Textures/Classes/Elemental.uasset" 483
"../../../../../Create/Projects/Unreal/MMO/Content/Textures/Classes/Human.uasset" 484
"../../../../../Create/Projects/Unreal/MMO/Content/Textures/Classes/Undead.uasset" 485
"../../../../../Create/Projects/Unreal/MMO/Content/Data/DT_Classes.uasset" 486
"../../../../../Create/Projects/Unreal/MMO/Content/Data/F_Faction.uasset" 487
"../../../../../Create/Projects/Unreal/MMO/Content/Textures/House_Sigils/House_Baratheon.uasset" 488
"../../../../../Create/Projects/Unreal/MMO/Content/Textures/House_Sigils/House_Lannister_-__Main_Shield.uasset" 489
"../../../../../Create/Projects/Unreal/MMO/Content/Textures/House_Sigils/House_Stark.uasset" 490
"../../../../../Create/Projects/Unreal/MMO/Content/Textures/House_Sigils/House_Targaryen_-_Main_Shield.uasset" 491
"../../../../../Create/Projects/Unreal/MMO/Content/Data/DT_Factions.uasset" 492
"../../../../../Create/Projects/Unreal/MMO/Content/Data/F_CFInfo.uasset" 493
"../../../../../Create/Projects/Unreal/MMO/Content/Textures/RPG.uasset" 494
"../../../../../Create/Projects/Unreal/MMO/Content/UI/WB_Background.uasset" 495
"../../../../../Create/Projects/Unreal/MMO/Content/UI/WB_MainMenu.uasset" 496
"../../../../../Create/Projects/Unreal/MMO/Content/UI/WB_ClassInfo.uasset" 497
"../../../../../Create/Projects/Unreal/MMO/Content/UI/WB_FactionInfo.uasset" 498
"../../../../../Create/Projects/Unreal/MMO/Content/UI/WB_Profile.uasset" 499
"../../../../../Create/Projects/Unreal/MMO/Content/UI/WB_Profiles.uasset" 500
"../../../../../Create/Projects/Unreal/MMO/Content/Textures/RPG2.uasset" 501
"../../../../../Create/Projects/Unreal/MMO/Content/UI/WB_Servers.uasset" 502
"../../../../../Create/Projects/Unreal/MMO/Content/Blueprints/Gameplay/Ctrl_MainMenu.uasset" 503
"../../../../../Create/Projects/Unreal/MMO/Content/Blueprints/Gameplay/GM_MainMenu.uasset" 504
"../../../../../Create/Projects/Unreal/MMO/Content/Maps/MainMenu_BuiltData.uasset" 505
"../../../../../Create/Projects/Unreal/MMO/Content/Maps/MainMenu.umap" 506
"../../../../../Create/Projects/Unreal/MMO/Content/Blueprints/Actors/BP_ClassSelect.uasset" 507
"../../../../../Create/Projects/Unreal/MMO/Content/Blueprints/Actors/Characters/BP_Char_Showcase.uasset" 508
"../../../../../Create/Projects/Unreal/MMO/Content/UI/WB_HUD_Profiles.uasset" 509
"../../../../../Create/Projects/Unreal/MMO/Content/Blueprints/Gameplay/Ctrl_Profile.uasset" 510
"../../../../../Create/Projects/Unreal/MMO/Content/Blueprints/Gameplay/GM_Profile.uasset" 511
"../../../../../Create/Projects/Unreal/MMO/Content/Maps/ProfileCreation_BuiltData.uasset" 512
"../../../Engine/Content/BasicShapes/BasicShapeMaterial.uasset" 513
"../../../Engine/Content/BasicShapes/Plane.uasset" 514
"../../../../../Create/Projects/Unreal/MMO/Content/Maps/ProfileCreation.umap" 515
"../../../../../Create/Projects/Unreal/MMO/Content/Maps/Test.umap" 516
"../../../../../Create/Projects/Unreal/MMO/Content/Maps/TravelMap.umap" 517
